[ 2025-12-08 10:15:16,148 ] 17 root - INFO - Initiate the data ingestion
[ 2025-12-08 10:15:18,906 ] 58 root - INFO - Performed train test split on the dataframe
[ 2025-12-08 10:15:18,906 ] 60 root - INFO - Exited split_data_as_train_test method of Data_Ingestion class
[ 2025-12-08 10:15:18,907 ] 68 root - INFO - Exporting train and test file path.
[ 2025-12-08 10:15:18,941 ] 77 root - INFO - Exported train and test file path.
[ 2025-12-08 10:15:18,941 ] 19 root - INFO - Data Initiation Completed
[ 2025-12-08 10:15:18,944 ] 24 root - INFO - Initiate the data Validation
[ 2025-12-08 10:15:19,008 ] 32 root - INFO - Required number of columns:2
[ 2025-12-08 10:15:19,008 ] 33 root - INFO - Data frame has columns:5
[ 2025-12-08 10:15:19,008 ] 32 root - INFO - Required number of columns:2
[ 2025-12-08 10:15:19,010 ] 33 root - INFO - Data frame has columns:5
[ 2025-12-08 10:15:19,074 ] 26 root - INFO - data Validation Completed
[ 2025-12-08 10:15:19,075 ] 31 root - INFO - data Transformation started
[ 2025-12-08 10:15:19,075 ] 48 root - INFO - Entered initiate_data_transformation method of DataTransformation class
[ 2025-12-08 10:15:19,091 ] 56 root - INFO - Read train and test data completed. Train shape: (3511, 5), Test shape: (879, 5)
[ 2025-12-08 10:15:19,099 ] 74 root - INFO - Applying MinMaxScaler
[ 2025-12-08 10:15:19,102 ] 83 root - INFO - Creating sequences with time_step=100
[ 2025-12-08 10:15:19,107 ] 95 root - INFO - Train sequences shape: (3409, 100, 1), Train labels shape: (3409,)
[ 2025-12-08 10:15:19,107 ] 46 root - INFO - Entered the save_object method of MainUtils class
[ 2025-12-08 10:15:19,111 ] 50 root - INFO - Exited the save_object method of MainUtils class
[ 2025-12-08 10:15:19,111 ] 46 root - INFO - Entered the save_object method of MainUtils class
[ 2025-12-08 10:15:19,117 ] 50 root - INFO - Exited the save_object method of MainUtils class
[ 2025-12-08 10:15:19,117 ] 46 root - INFO - Entered the save_object method of MainUtils class
[ 2025-12-08 10:15:19,119 ] 50 root - INFO - Exited the save_object method of MainUtils class
[ 2025-12-08 10:15:19,120 ] 155 root - INFO - Data transformation artifact: DataTransformationArtifact(transformed_object_file_path='Artifacts\\12_08_2025_10_15_03\\data_transformation\\transformed_object\\preprocessing.pkl', transformed_train_file_path='Artifacts\\12_08_2025_10_15_03\\data_transformation\\transformed\\train.npy', transformed_test_file_path='Artifacts\\12_08_2025_10_15_03\\data_transformation\\transformed\\test.npy')
[ 2025-12-08 10:15:19,121 ] 35 root - INFO - data Transformation completed
[ 2025-12-08 10:15:19,121 ] 37 root - INFO - Model Training stared
[ 2025-12-08 10:15:19,121 ] 130 root - INFO - Entered initiate_model_trainer
[ 2025-12-08 10:15:19,121 ] 135 root - INFO - Loading transformed data from Artifacts\12_08_2025_10_15_03\data_transformation\transformed\train.npy and Artifacts\12_08_2025_10_15_03\data_transformation\transformed\test.npy
[ 2025-12-08 10:15:19,169 ] 143 root - INFO - Loaded train data shapes: X=(3409, 100, 1), y=(3409,)
[ 2025-12-08 10:15:20,890 ] 1025 httpx - INFO - HTTP Request: GET https://dagshub.com/api/v1/user "HTTP/1.1 200 OK"
[ 2025-12-08 10:15:20,903 ] 107 dagshub - INFO - Accessing as sliitguy
[ 2025-12-08 10:15:22,490 ] 1025 httpx - INFO - HTTP Request: GET https://dagshub.com/api/v1/repos/sliitguy/Model-X "HTTP/1.1 200 OK"
[ 2025-12-08 10:15:23,845 ] 1025 httpx - INFO - HTTP Request: GET https://dagshub.com/api/v1/user "HTTP/1.1 200 OK"
[ 2025-12-08 10:15:23,850 ] 107 dagshub - INFO - Initialized MLflow to track repo "sliitguy/Model-X"
[ 2025-12-08 10:15:23,851 ] 107 dagshub - INFO - Repository sliitguy/Model-X initialized!
[ 2025-12-08 10:15:27,091 ] 74 root - INFO - Fitting LSTM model
[ 2025-12-08 10:18:19,467 ] 100 root - INFO - Test RMSE: 0.15946679156673643, MAE: 0.11448506478551211, R2: 0.001806994505316295, MAPE: 1749887553069.4504
[ 2025-12-08 10:18:22,997 ] 83 absl - WARNING - You are saving your model as an HDF5 file via `model.save()` or `keras.saving.save_model(model)`. This file format is considered legacy. We recommend using instead the native Keras format, e.g. `model.save('my_model.keras')` or `keras.saving.save_model(model, 'my_model.keras')`. 
[ 2025-12-08 10:18:28,290 ] 147 root - INFO - Saving trained model
[ 2025-12-08 10:18:28,292 ] 46 root - INFO - Entered the save_object method of MainUtils class
[ 2025-12-08 10:18:28,360 ] 50 root - INFO - Exited the save_object method of MainUtils class
[ 2025-12-08 10:18:28,362 ] 179 root - INFO - Model Trainer Artifact: ModelTrainerArtifact(trained_model_file_path='Artifacts\\12_08_2025_10_15_03\\model_trainer\\trained_model\\model.pkl', train_metric_artifact=None, test_metric_artifact=RegressionMetricArtifact(rmse=np.float64(0.15946679156673643), mae=0.11448506478551211, r2_score=0.001806994505316295, mape=1749887553069.4504))
[ 2025-12-08 10:18:28,363 ] 42 root - INFO - Model Training artifact created
