[ 2025-12-08 11:34:52,792 ] 17 root - INFO - Initiate the data ingestion
[ 2025-12-08 11:34:59,227 ] 59 root - INFO - Performed train test split on the dataframe
[ 2025-12-08 11:34:59,229 ] 61 root - INFO - Exited split_data_as_train_test method of Data_Ingestion class
[ 2025-12-08 11:34:59,229 ] 69 root - INFO - Exporting train and test file path.
[ 2025-12-08 11:34:59,276 ] 78 root - INFO - Exported train and test file path.
[ 2025-12-08 11:34:59,276 ] 19 root - INFO - Data Initiation Completed
[ 2025-12-08 11:34:59,281 ] 24 root - INFO - Initiate the data Validation
[ 2025-12-08 11:34:59,352 ] 32 root - INFO - Required number of columns:2
[ 2025-12-08 11:34:59,352 ] 33 root - INFO - Data frame has columns:6
[ 2025-12-08 11:34:59,352 ] 32 root - INFO - Required number of columns:2
[ 2025-12-08 11:34:59,352 ] 33 root - INFO - Data frame has columns:6
[ 2025-12-08 11:34:59,428 ] 26 root - INFO - data Validation Completed
[ 2025-12-08 11:34:59,431 ] 31 root - INFO - data Transformation started
[ 2025-12-08 11:34:59,431 ] 50 root - INFO - Entered initiate_data_transformation method of DataTransformation class
[ 2025-12-08 11:34:59,468 ] 58 root - INFO - Read train and test data completed. Train shape: (3512, 5), Test shape: (880, 5)
[ 2025-12-08 11:34:59,490 ] 91 root - INFO - Converted index to datetime and sorted
[ 2025-12-08 11:34:59,491 ] 99 root - INFO - Combined data shape: (4388, 5), Train portion: 3510 rows (80%)
[ 2025-12-08 11:34:59,492 ] 103 root - INFO - Applying MinMaxScaler on combined data
[ 2025-12-08 11:34:59,494 ] 111 root - INFO - Creating sequences with time_step=60
[ 2025-12-08 11:34:59,503 ] 134 root - INFO - Train sequences shape: (3449, 60, 1), Train labels shape: (3449,)
[ 2025-12-08 11:34:59,503 ] 135 root - INFO - Test sequences shape: (878, 60, 1), Test labels shape: (878,)
[ 2025-12-08 11:34:59,504 ] 46 root - INFO - Entered the save_object method of MainUtils class
[ 2025-12-08 11:34:59,508 ] 50 root - INFO - Exited the save_object method of MainUtils class
[ 2025-12-08 11:34:59,508 ] 46 root - INFO - Entered the save_object method of MainUtils class
[ 2025-12-08 11:34:59,515 ] 50 root - INFO - Exited the save_object method of MainUtils class
[ 2025-12-08 11:34:59,515 ] 46 root - INFO - Entered the save_object method of MainUtils class
[ 2025-12-08 11:34:59,519 ] 50 root - INFO - Exited the save_object method of MainUtils class
[ 2025-12-08 11:34:59,519 ] 161 root - INFO - Data transformation artifact: DataTransformationArtifact(transformed_object_file_path='Artifacts\\12_08_2025_11_34_31\\data_transformation\\transformed_object\\preprocessing.pkl', transformed_train_file_path='Artifacts\\12_08_2025_11_34_31\\data_transformation\\transformed\\train.npy', transformed_test_file_path='Artifacts\\12_08_2025_11_34_31\\data_transformation\\transformed\\test.npy')
[ 2025-12-08 11:34:59,523 ] 35 root - INFO - data Transformation completed
[ 2025-12-08 11:34:59,523 ] 37 root - INFO - Model Training stared
[ 2025-12-08 11:34:59,523 ] 136 root - INFO - Entered initiate_model_trainer
[ 2025-12-08 11:34:59,523 ] 141 root - INFO - Loading transformed data from Artifacts\12_08_2025_11_34_31\data_transformation\transformed\train.npy and Artifacts\12_08_2025_11_34_31\data_transformation\transformed\test.npy
[ 2025-12-08 11:34:59,592 ] 149 root - INFO - Loaded train data shapes: X=(3449, 60, 1), y=(3449,)
[ 2025-12-08 11:34:59,625 ] 154 root - INFO - Loaded scaler from Artifacts\12_08_2025_11_34_31\data_transformation\transformed_object\preprocessing.pkl
[ 2025-12-08 11:35:02,312 ] 1025 httpx - INFO - HTTP Request: GET https://dagshub.com/api/v1/user "HTTP/1.1 200 OK"
[ 2025-12-08 11:35:02,322 ] 107 dagshub - INFO - Accessing as sliitguy
[ 2025-12-08 11:35:04,052 ] 1025 httpx - INFO - HTTP Request: GET https://dagshub.com/api/v1/repos/sliitguy/Model-X "HTTP/1.1 200 OK"
[ 2025-12-08 11:35:05,894 ] 1025 httpx - INFO - HTTP Request: GET https://dagshub.com/api/v1/user "HTTP/1.1 200 OK"
[ 2025-12-08 11:35:05,899 ] 107 dagshub - INFO - Initialized MLflow to track repo "sliitguy/Model-X"
[ 2025-12-08 11:35:05,899 ] 107 dagshub - INFO - Repository sliitguy/Model-X initialized!
[ 2025-12-08 11:35:09,799 ] 76 root - INFO - Fitting LSTM model
[ 2025-12-08 11:36:33,182 ] 94 root - INFO - DEBUG - y_test_actual sample (first 5): [52.1905899  52.27614975 51.16389084 49.02493286 49.02493286]
[ 2025-12-08 11:36:33,184 ] 95 root - INFO - DEBUG - test_predict sample (first 5): [59.027607 58.404987 57.759758 57.105858 56.434204]
[ 2025-12-08 11:36:33,186 ] 96 root - INFO - DEBUG - y_test_actual range: min=41.923587799072266, max=197.75
[ 2025-12-08 11:36:33,186 ] 97 root - INFO - DEBUG - test_predict range: min=43.546112060546875, max=178.64039611816406
[ 2025-12-08 11:36:33,192 ] 106 root - INFO - Test RMSE: 6.876052328751051, MAE: 4.776616741693101, R2: 0.9706654050909376, MAPE: 0.04926031994299277
[ 2025-12-08 11:36:35,498 ] 83 absl - WARNING - You are saving your model as an HDF5 file via `model.save()` or `keras.saving.save_model(model)`. This file format is considered legacy. We recommend using instead the native Keras format, e.g. `model.save('my_model.keras')` or `keras.saving.save_model(model, 'my_model.keras')`. 
[ 2025-12-08 11:36:40,721 ] 158 root - INFO - Saving trained model
[ 2025-12-08 11:36:40,724 ] 46 root - INFO - Entered the save_object method of MainUtils class
[ 2025-12-08 11:36:40,796 ] 50 root - INFO - Exited the save_object method of MainUtils class
[ 2025-12-08 11:36:40,801 ] 189 root - INFO - Model Trainer Artifact: ModelTrainerArtifact(trained_model_file_path='Artifacts\\12_08_2025_11_34_31\\model_trainer\\trained_model\\model.pkl', train_metric_artifact=None, test_metric_artifact=RegressionMetricArtifact(rmse=np.float64(6.876052328751051), mae=4.776616741693101, r2_score=0.9706654050909376, mape=0.04926031994299277))
[ 2025-12-08 11:36:40,801 ] 42 root - INFO - Model Training artifact created
