[ 2025-12-08 11:11:28,494 ] 17 root - INFO - Initiate the data ingestion
[ 2025-12-08 11:11:38,451 ] 58 root - INFO - Performed train test split on the dataframe
[ 2025-12-08 11:11:38,452 ] 60 root - INFO - Exited split_data_as_train_test method of Data_Ingestion class
[ 2025-12-08 11:11:38,455 ] 68 root - INFO - Exporting train and test file path.
[ 2025-12-08 11:11:38,613 ] 77 root - INFO - Exported train and test file path.
[ 2025-12-08 11:11:38,613 ] 19 root - INFO - Data Initiation Completed
[ 2025-12-08 11:11:38,620 ] 24 root - INFO - Initiate the data Validation
[ 2025-12-08 11:11:38,782 ] 32 root - INFO - Required number of columns:2
[ 2025-12-08 11:11:38,799 ] 33 root - INFO - Data frame has columns:5
[ 2025-12-08 11:11:38,802 ] 32 root - INFO - Required number of columns:2
[ 2025-12-08 11:11:38,802 ] 33 root - INFO - Data frame has columns:5
[ 2025-12-08 11:11:38,938 ] 26 root - INFO - data Validation Completed
[ 2025-12-08 11:11:38,941 ] 31 root - INFO - data Transformation started
[ 2025-12-08 11:11:38,941 ] 48 root - INFO - Entered initiate_data_transformation method of DataTransformation class
[ 2025-12-08 11:11:38,959 ] 56 root - INFO - Read train and test data completed. Train shape: (3511, 5), Test shape: (879, 5)
[ 2025-12-08 11:11:38,975 ] 75 root - INFO - Combined data shape: (4388, 5), Train portion: 3510 rows
[ 2025-12-08 11:11:38,977 ] 79 root - INFO - Applying MinMaxScaler on combined data
[ 2025-12-08 11:11:39,011 ] 87 root - INFO - Creating sequences with time_step=60
[ 2025-12-08 11:11:39,021 ] 110 root - INFO - Train sequences shape: (3449, 60, 1), Train labels shape: (3449,)
[ 2025-12-08 11:11:39,021 ] 111 root - INFO - Test sequences shape: (878, 60, 1), Test labels shape: (878,)
[ 2025-12-08 11:11:39,021 ] 46 root - INFO - Entered the save_object method of MainUtils class
[ 2025-12-08 11:11:39,025 ] 50 root - INFO - Exited the save_object method of MainUtils class
[ 2025-12-08 11:11:39,025 ] 46 root - INFO - Entered the save_object method of MainUtils class
[ 2025-12-08 11:11:39,042 ] 50 root - INFO - Exited the save_object method of MainUtils class
[ 2025-12-08 11:11:39,042 ] 46 root - INFO - Entered the save_object method of MainUtils class
[ 2025-12-08 11:11:39,049 ] 50 root - INFO - Exited the save_object method of MainUtils class
[ 2025-12-08 11:11:39,049 ] 137 root - INFO - Data transformation artifact: DataTransformationArtifact(transformed_object_file_path='Artifacts\\12_08_2025_11_10_59\\data_transformation\\transformed_object\\preprocessing.pkl', transformed_train_file_path='Artifacts\\12_08_2025_11_10_59\\data_transformation\\transformed\\train.npy', transformed_test_file_path='Artifacts\\12_08_2025_11_10_59\\data_transformation\\transformed\\test.npy')
[ 2025-12-08 11:11:39,055 ] 35 root - INFO - data Transformation completed
[ 2025-12-08 11:11:39,055 ] 37 root - INFO - Model Training stared
[ 2025-12-08 11:11:39,055 ] 136 root - INFO - Entered initiate_model_trainer
[ 2025-12-08 11:11:39,055 ] 141 root - INFO - Loading transformed data from Artifacts\12_08_2025_11_10_59\data_transformation\transformed\train.npy and Artifacts\12_08_2025_11_10_59\data_transformation\transformed\test.npy
[ 2025-12-08 11:11:39,145 ] 149 root - INFO - Loaded train data shapes: X=(3449, 60, 1), y=(3449,)
[ 2025-12-08 11:11:39,219 ] 154 root - INFO - Loaded scaler from Artifacts\12_08_2025_11_10_59\data_transformation\transformed_object\preprocessing.pkl
[ 2025-12-08 11:11:42,155 ] 1025 httpx - INFO - HTTP Request: GET https://dagshub.com/api/v1/user "HTTP/1.1 200 OK"
[ 2025-12-08 11:11:42,164 ] 107 dagshub - INFO - Accessing as sliitguy
[ 2025-12-08 11:11:43,995 ] 1025 httpx - INFO - HTTP Request: GET https://dagshub.com/api/v1/repos/sliitguy/Model-X "HTTP/1.1 200 OK"
[ 2025-12-08 11:11:45,634 ] 1025 httpx - INFO - HTTP Request: GET https://dagshub.com/api/v1/user "HTTP/1.1 200 OK"
[ 2025-12-08 11:11:45,644 ] 107 dagshub - INFO - Initialized MLflow to track repo "sliitguy/Model-X"
[ 2025-12-08 11:11:45,646 ] 107 dagshub - INFO - Repository sliitguy/Model-X initialized!
[ 2025-12-08 11:11:50,142 ] 76 root - INFO - Fitting LSTM model
[ 2025-12-08 11:13:05,369 ] 94 root - INFO - DEBUG - y_test_actual sample (first 5): [ 67.28785706  58.11437225 107.66161346  61.07765961  84.44021606]
[ 2025-12-08 11:13:05,372 ] 95 root - INFO - DEBUG - test_predict sample (first 5): [65.85432  65.97366  66.040085 66.12173  66.18177 ]
[ 2025-12-08 11:13:05,372 ] 96 root - INFO - DEBUG - y_test_actual range: min=9.782498359680176, max=197.75
[ 2025-12-08 11:13:05,372 ] 97 root - INFO - DEBUG - test_predict range: min=63.9098014831543, max=67.26309967041016
[ 2025-12-08 11:13:05,376 ] 106 root - INFO - Test RMSE: 28.462744069586524, MAE: 20.82689789921928, R2: -0.00042815016624242475, MAPE: 0.5485867896149256
[ 2025-12-08 11:13:07,453 ] 83 absl - WARNING - You are saving your model as an HDF5 file via `model.save()` or `keras.saving.save_model(model)`. This file format is considered legacy. We recommend using instead the native Keras format, e.g. `model.save('my_model.keras')` or `keras.saving.save_model(model, 'my_model.keras')`. 
[ 2025-12-08 11:13:11,553 ] 158 root - INFO - Saving trained model
[ 2025-12-08 11:13:11,555 ] 46 root - INFO - Entered the save_object method of MainUtils class
[ 2025-12-08 11:13:11,706 ] 50 root - INFO - Exited the save_object method of MainUtils class
[ 2025-12-08 11:13:11,711 ] 189 root - INFO - Model Trainer Artifact: ModelTrainerArtifact(trained_model_file_path='Artifacts\\12_08_2025_11_10_59\\model_trainer\\trained_model\\model.pkl', train_metric_artifact=None, test_metric_artifact=RegressionMetricArtifact(rmse=np.float64(28.462744069586524), mae=20.82689789921928, r2_score=-0.00042815016624242475, mape=0.5485867896149256))
[ 2025-12-08 11:13:11,711 ] 42 root - INFO - Model Training artifact created
