[ 2025-12-08 10:23:17,624 ] 17 root - INFO - Initiate the data ingestion
[ 2025-12-08 10:23:19,770 ] 58 root - INFO - Performed train test split on the dataframe
[ 2025-12-08 10:23:19,771 ] 60 root - INFO - Exited split_data_as_train_test method of Data_Ingestion class
[ 2025-12-08 10:23:19,772 ] 68 root - INFO - Exporting train and test file path.
[ 2025-12-08 10:23:19,829 ] 77 root - INFO - Exported train and test file path.
[ 2025-12-08 10:23:19,830 ] 19 root - INFO - Data Initiation Completed
[ 2025-12-08 10:23:19,830 ] 24 root - INFO - Initiate the data Validation
[ 2025-12-08 10:23:19,921 ] 32 root - INFO - Required number of columns:2
[ 2025-12-08 10:23:19,922 ] 33 root - INFO - Data frame has columns:5
[ 2025-12-08 10:23:19,922 ] 32 root - INFO - Required number of columns:2
[ 2025-12-08 10:23:19,922 ] 33 root - INFO - Data frame has columns:5
[ 2025-12-08 10:23:20,025 ] 26 root - INFO - data Validation Completed
[ 2025-12-08 10:23:20,025 ] 31 root - INFO - data Transformation started
[ 2025-12-08 10:23:20,025 ] 48 root - INFO - Entered initiate_data_transformation method of DataTransformation class
[ 2025-12-08 10:23:20,050 ] 56 root - INFO - Read train and test data completed. Train shape: (3511, 5), Test shape: (879, 5)
[ 2025-12-08 10:23:20,066 ] 74 root - INFO - Applying MinMaxScaler
[ 2025-12-08 10:23:20,068 ] 83 root - INFO - Creating sequences with time_step=100
[ 2025-12-08 10:23:20,075 ] 95 root - INFO - Train sequences shape: (3409, 100, 1), Train labels shape: (3409,)
[ 2025-12-08 10:23:20,076 ] 46 root - INFO - Entered the save_object method of MainUtils class
[ 2025-12-08 10:23:20,078 ] 50 root - INFO - Exited the save_object method of MainUtils class
[ 2025-12-08 10:23:20,078 ] 46 root - INFO - Entered the save_object method of MainUtils class
[ 2025-12-08 10:23:20,086 ] 50 root - INFO - Exited the save_object method of MainUtils class
[ 2025-12-08 10:23:20,087 ] 46 root - INFO - Entered the save_object method of MainUtils class
[ 2025-12-08 10:23:20,090 ] 50 root - INFO - Exited the save_object method of MainUtils class
[ 2025-12-08 10:23:20,090 ] 155 root - INFO - Data transformation artifact: DataTransformationArtifact(transformed_object_file_path='Artifacts\\12_08_2025_10_23_04\\data_transformation\\transformed_object\\preprocessing.pkl', transformed_train_file_path='Artifacts\\12_08_2025_10_23_04\\data_transformation\\transformed\\train.npy', transformed_test_file_path='Artifacts\\12_08_2025_10_23_04\\data_transformation\\transformed\\test.npy')
[ 2025-12-08 10:23:20,092 ] 35 root - INFO - data Transformation completed
[ 2025-12-08 10:23:20,092 ] 37 root - INFO - Model Training stared
[ 2025-12-08 10:23:20,092 ] 127 root - INFO - Entered initiate_model_trainer
[ 2025-12-08 10:23:20,092 ] 132 root - INFO - Loading transformed data from Artifacts\12_08_2025_10_23_04\data_transformation\transformed\train.npy and Artifacts\12_08_2025_10_23_04\data_transformation\transformed\test.npy
[ 2025-12-08 10:23:20,142 ] 140 root - INFO - Loaded train data shapes: X=(3409, 100, 1), y=(3409,)
[ 2025-12-08 10:23:20,145 ] 145 root - INFO - Loaded scaler from Artifacts\12_08_2025_10_23_04\data_transformation\transformed_object\preprocessing.pkl
[ 2025-12-08 10:23:22,294 ] 1025 httpx - INFO - HTTP Request: GET https://dagshub.com/api/v1/user "HTTP/1.1 200 OK"
[ 2025-12-08 10:23:22,301 ] 107 dagshub - INFO - Accessing as sliitguy
[ 2025-12-08 10:23:24,130 ] 1025 httpx - INFO - HTTP Request: GET https://dagshub.com/api/v1/repos/sliitguy/Model-X "HTTP/1.1 200 OK"
[ 2025-12-08 10:23:25,769 ] 1025 httpx - INFO - HTTP Request: GET https://dagshub.com/api/v1/user "HTTP/1.1 200 OK"
[ 2025-12-08 10:23:25,772 ] 107 dagshub - INFO - Initialized MLflow to track repo "sliitguy/Model-X"
[ 2025-12-08 10:23:25,774 ] 107 dagshub - INFO - Repository sliitguy/Model-X initialized!
[ 2025-12-08 10:23:29,560 ] 74 root - INFO - Fitting LSTM model
[ 2025-12-08 10:25:59,523 ] 97 root - INFO - Test RMSE: 30.726664340986588, MAE: 22.383942289855643, R2: 0.000815097456557945, MAPE: 0.5824215599775494
[ 2025-12-08 10:26:03,003 ] 83 absl - WARNING - You are saving your model as an HDF5 file via `model.save()` or `keras.saving.save_model(model)`. This file format is considered legacy. We recommend using instead the native Keras format, e.g. `model.save('my_model.keras')` or `keras.saving.save_model(model, 'my_model.keras')`. 
[ 2025-12-08 10:26:09,108 ] 149 root - INFO - Saving trained model
[ 2025-12-08 10:26:09,114 ] 46 root - INFO - Entered the save_object method of MainUtils class
[ 2025-12-08 10:26:09,208 ] 50 root - INFO - Exited the save_object method of MainUtils class
[ 2025-12-08 10:26:09,215 ] 180 root - INFO - Model Trainer Artifact: ModelTrainerArtifact(trained_model_file_path='Artifacts\\12_08_2025_10_23_04\\model_trainer\\trained_model\\model.pkl', train_metric_artifact=None, test_metric_artifact=RegressionMetricArtifact(rmse=np.float64(30.726664340986588), mae=22.383942289855643, r2_score=0.000815097456557945, mape=0.5824215599775494))
[ 2025-12-08 10:26:09,216 ] 42 root - INFO - Model Training artifact created
