[ 2025-12-08 10:32:06,140 ] 17 root - INFO - Initiate the data ingestion
[ 2025-12-08 10:32:15,076 ] 58 root - INFO - Performed train test split on the dataframe
[ 2025-12-08 10:32:15,078 ] 60 root - INFO - Exited split_data_as_train_test method of Data_Ingestion class
[ 2025-12-08 10:32:15,078 ] 68 root - INFO - Exporting train and test file path.
[ 2025-12-08 10:32:15,126 ] 77 root - INFO - Exported train and test file path.
[ 2025-12-08 10:32:15,126 ] 19 root - INFO - Data Initiation Completed
[ 2025-12-08 10:32:15,130 ] 24 root - INFO - Initiate the data Validation
[ 2025-12-08 10:32:15,212 ] 32 root - INFO - Required number of columns:2
[ 2025-12-08 10:32:15,213 ] 33 root - INFO - Data frame has columns:5
[ 2025-12-08 10:32:15,213 ] 32 root - INFO - Required number of columns:2
[ 2025-12-08 10:32:15,213 ] 33 root - INFO - Data frame has columns:5
[ 2025-12-08 10:32:15,305 ] 26 root - INFO - data Validation Completed
[ 2025-12-08 10:32:15,306 ] 31 root - INFO - data Transformation started
[ 2025-12-08 10:32:15,306 ] 48 root - INFO - Entered initiate_data_transformation method of DataTransformation class
[ 2025-12-08 10:32:15,326 ] 56 root - INFO - Read train and test data completed. Train shape: (3511, 5), Test shape: (879, 5)
[ 2025-12-08 10:32:15,337 ] 74 root - INFO - Applying MinMaxScaler
[ 2025-12-08 10:32:15,341 ] 83 root - INFO - Creating sequences with time_step=100
[ 2025-12-08 10:32:15,349 ] 95 root - INFO - Train sequences shape: (3409, 100, 1), Train labels shape: (3409,)
[ 2025-12-08 10:32:15,349 ] 46 root - INFO - Entered the save_object method of MainUtils class
[ 2025-12-08 10:32:15,352 ] 50 root - INFO - Exited the save_object method of MainUtils class
[ 2025-12-08 10:32:15,353 ] 46 root - INFO - Entered the save_object method of MainUtils class
[ 2025-12-08 10:32:15,361 ] 50 root - INFO - Exited the save_object method of MainUtils class
[ 2025-12-08 10:32:15,361 ] 46 root - INFO - Entered the save_object method of MainUtils class
[ 2025-12-08 10:32:15,364 ] 50 root - INFO - Exited the save_object method of MainUtils class
[ 2025-12-08 10:32:15,364 ] 155 root - INFO - Data transformation artifact: DataTransformationArtifact(transformed_object_file_path='Artifacts\\12_08_2025_10_31_48\\data_transformation\\transformed_object\\preprocessing.pkl', transformed_train_file_path='Artifacts\\12_08_2025_10_31_48\\data_transformation\\transformed\\train.npy', transformed_test_file_path='Artifacts\\12_08_2025_10_31_48\\data_transformation\\transformed\\test.npy')
[ 2025-12-08 10:32:15,365 ] 35 root - INFO - data Transformation completed
[ 2025-12-08 10:32:15,365 ] 37 root - INFO - Model Training stared
[ 2025-12-08 10:32:15,365 ] 136 root - INFO - Entered initiate_model_trainer
[ 2025-12-08 10:32:15,365 ] 141 root - INFO - Loading transformed data from Artifacts\12_08_2025_10_31_48\data_transformation\transformed\train.npy and Artifacts\12_08_2025_10_31_48\data_transformation\transformed\test.npy
[ 2025-12-08 10:32:15,414 ] 149 root - INFO - Loaded train data shapes: X=(3409, 100, 1), y=(3409,)
[ 2025-12-08 10:32:15,442 ] 154 root - INFO - Loaded scaler from Artifacts\12_08_2025_10_31_48\data_transformation\transformed_object\preprocessing.pkl
[ 2025-12-08 10:32:17,865 ] 1025 httpx - INFO - HTTP Request: GET https://dagshub.com/api/v1/user "HTTP/1.1 200 OK"
[ 2025-12-08 10:32:17,926 ] 107 dagshub - INFO - Accessing as sliitguy
[ 2025-12-08 10:32:20,118 ] 1025 httpx - INFO - HTTP Request: GET https://dagshub.com/api/v1/repos/sliitguy/Model-X "HTTP/1.1 200 OK"
[ 2025-12-08 10:32:21,756 ] 1025 httpx - INFO - HTTP Request: GET https://dagshub.com/api/v1/user "HTTP/1.1 200 OK"
[ 2025-12-08 10:32:21,760 ] 107 dagshub - INFO - Initialized MLflow to track repo "sliitguy/Model-X"
[ 2025-12-08 10:32:21,762 ] 107 dagshub - INFO - Repository sliitguy/Model-X initialized!
[ 2025-12-08 10:32:25,647 ] 76 root - INFO - Fitting LSTM model
[ 2025-12-08 10:42:42,121 ] 94 root - INFO - DEBUG - y_test_actual sample (first 5): [60.83036423 47.92010498 49.99149323 67.48331451 76.35538483]
[ 2025-12-08 10:42:42,124 ] 95 root - INFO - DEBUG - test_predict sample (first 5): [68.03585  68.151985 68.103676 67.951584 67.862206]
[ 2025-12-08 10:42:42,124 ] 96 root - INFO - DEBUG - y_test_actual range: min=9.891594886779783, max=197.49999999999997
[ 2025-12-08 10:42:42,124 ] 97 root - INFO - DEBUG - test_predict range: min=66.02790069580078, max=70.33391571044922
[ 2025-12-08 10:42:42,130 ] 106 root - INFO - Test RMSE: 29.209897851824532, MAE: 21.25756143695139, R2: -0.012171080099351528, MAPE: 0.5354884284609518
[ 2025-12-08 10:42:45,902 ] 83 absl - WARNING - You are saving your model as an HDF5 file via `model.save()` or `keras.saving.save_model(model)`. This file format is considered legacy. We recommend using instead the native Keras format, e.g. `model.save('my_model.keras')` or `keras.saving.save_model(model, 'my_model.keras')`. 
[ 2025-12-08 10:42:51,131 ] 158 root - INFO - Saving trained model
[ 2025-12-08 10:42:51,133 ] 46 root - INFO - Entered the save_object method of MainUtils class
[ 2025-12-08 10:42:51,353 ] 50 root - INFO - Exited the save_object method of MainUtils class
[ 2025-12-08 10:42:51,368 ] 189 root - INFO - Model Trainer Artifact: ModelTrainerArtifact(trained_model_file_path='Artifacts\\12_08_2025_10_31_48\\model_trainer\\trained_model\\model.pkl', train_metric_artifact=None, test_metric_artifact=RegressionMetricArtifact(rmse=np.float64(29.209897851824532), mae=21.25756143695139, r2_score=-0.012171080099351528, mape=0.5354884284609518))
[ 2025-12-08 10:42:51,369 ] 42 root - INFO - Model Training artifact created
