[ 2025-12-08 13:04:38,743 ] 17 root - INFO - Initiate the data ingestion
[ 2025-12-08 13:04:38,744 ] 35 root - INFO - Downloading stock data for COMB-N0000.CM from 2000-01-01 00:00:00 to 2025-12-08 13:04:38.744516
[ 2025-12-08 13:04:47,146 ] 42 root - INFO - Flattened multi-level columns from yfinance
[ 2025-12-08 13:04:47,164 ] 58 root - INFO - Downloaded and cleaned 4439 rows of stock data
[ 2025-12-08 13:04:47,164 ] 59 root - INFO - Columns: ['Date', 'Close', 'High', 'Low', 'Open', 'Volume']
[ 2025-12-08 13:04:47,357 ] 85 root - INFO - Performed train test split on the dataframe
[ 2025-12-08 13:04:47,357 ] 87 root - INFO - Exited split_data_as_train_test method of Data_Ingestion class
[ 2025-12-08 13:04:47,359 ] 95 root - INFO - Exporting train and test file path.
[ 2025-12-08 13:04:47,432 ] 104 root - INFO - Exported train and test file path.
[ 2025-12-08 13:04:47,432 ] 19 root - INFO - Data Initiation Completed
[ 2025-12-08 13:04:47,435 ] 24 root - INFO - Initiate the data Validation
[ 2025-12-08 13:04:47,534 ] 32 root - INFO - Required number of columns:6
[ 2025-12-08 13:04:47,535 ] 33 root - INFO - Data frame has columns:6
[ 2025-12-08 13:04:47,535 ] 32 root - INFO - Required number of columns:6
[ 2025-12-08 13:04:47,535 ] 33 root - INFO - Data frame has columns:6
[ 2025-12-08 13:04:47,725 ] 26 root - INFO - data Validation Completed
[ 2025-12-08 13:04:47,726 ] 31 root - INFO - data Transformation started
[ 2025-12-08 13:04:47,726 ] 50 root - INFO - Entered initiate_data_transformation method of DataTransformation class
[ 2025-12-08 13:04:47,753 ] 58 root - INFO - Read train and test data completed. Train shape: (3551, 6), Test shape: (888, 6)
[ 2025-12-08 13:04:47,768 ] 85 root - INFO - Sorted combined data by Date column
[ 2025-12-08 13:04:47,769 ] 99 root - INFO - Combined data shape: (4439, 6), Train portion: 3551 rows (80%)
[ 2025-12-08 13:04:47,773 ] 103 root - INFO - Applying MinMaxScaler on combined data
[ 2025-12-08 13:04:47,776 ] 111 root - INFO - Creating sequences with time_step=60
[ 2025-12-08 13:04:47,785 ] 134 root - INFO - Train sequences shape: (3490, 60, 1), Train labels shape: (3490,)
[ 2025-12-08 13:04:47,786 ] 135 root - INFO - Test sequences shape: (888, 60, 1), Test labels shape: (888,)
[ 2025-12-08 13:04:47,786 ] 46 root - INFO - Entered the save_object method of MainUtils class
[ 2025-12-08 13:04:47,795 ] 50 root - INFO - Exited the save_object method of MainUtils class
[ 2025-12-08 13:04:47,796 ] 46 root - INFO - Entered the save_object method of MainUtils class
[ 2025-12-08 13:04:47,802 ] 50 root - INFO - Exited the save_object method of MainUtils class
[ 2025-12-08 13:04:47,802 ] 46 root - INFO - Entered the save_object method of MainUtils class
[ 2025-12-08 13:04:47,807 ] 50 root - INFO - Exited the save_object method of MainUtils class
[ 2025-12-08 13:04:47,807 ] 161 root - INFO - Data transformation artifact: DataTransformationArtifact(transformed_object_file_path='Artifacts\\12_08_2025_13_03_49\\data_transformation\\transformed_object\\preprocessing.pkl', transformed_train_file_path='Artifacts\\12_08_2025_13_03_49\\data_transformation\\transformed\\train.npy', transformed_test_file_path='Artifacts\\12_08_2025_13_03_49\\data_transformation\\transformed\\test.npy')
[ 2025-12-08 13:04:47,808 ] 35 root - INFO - data Transformation completed
[ 2025-12-08 13:04:47,808 ] 37 root - INFO - Model Training stared
[ 2025-12-08 13:04:47,808 ] 166 root - INFO - Entered initiate_model_trainer
[ 2025-12-08 13:04:47,808 ] 171 root - INFO - Loading transformed data from Artifacts\12_08_2025_13_03_49\data_transformation\transformed\train.npy and Artifacts\12_08_2025_13_03_49\data_transformation\transformed\test.npy
[ 2025-12-08 13:04:47,909 ] 179 root - INFO - Loaded train data shapes: X=(3490, 60, 1), y=(3490,)
[ 2025-12-08 13:04:47,962 ] 184 root - INFO - Loaded scaler from Artifacts\12_08_2025_13_03_49\data_transformation\transformed_object\preprocessing.pkl
[ 2025-12-08 13:04:50,458 ] 1025 httpx - INFO - HTTP Request: GET https://dagshub.com/api/v1/user "HTTP/1.1 200 OK"
[ 2025-12-08 13:04:50,703 ] 107 dagshub - INFO - Accessing as sliitguy
[ 2025-12-08 13:04:52,615 ] 1025 httpx - INFO - HTTP Request: GET https://dagshub.com/api/v1/repos/sliitguy/Model-X "HTTP/1.1 200 OK"
[ 2025-12-08 13:04:54,142 ] 1025 httpx - INFO - HTTP Request: GET https://dagshub.com/api/v1/user "HTTP/1.1 200 OK"
[ 2025-12-08 13:04:54,146 ] 107 dagshub - INFO - Initialized MLflow to track repo "sliitguy/Model-X"
[ 2025-12-08 13:04:54,147 ] 107 dagshub - INFO - Repository sliitguy/Model-X initialized!
[ 2025-12-08 13:05:15,555 ] 105 root - INFO - Fitting Bidirectional LSTM model with callbacks
