[ 2025-12-08 10:00:51,650 ] 17 root - INFO - Initiate the data ingestion
[ 2025-12-08 10:00:53,743 ] 58 root - INFO - Performed train test split on the dataframe
[ 2025-12-08 10:00:53,743 ] 60 root - INFO - Exited split_data_as_train_test method of Data_Ingestion class
[ 2025-12-08 10:00:53,745 ] 68 root - INFO - Exporting train and test file path.
[ 2025-12-08 10:00:53,792 ] 77 root - INFO - Exported train and test file path.
[ 2025-12-08 10:00:53,793 ] 19 root - INFO - Data Initiation Completed
[ 2025-12-08 10:00:53,795 ] 24 root - INFO - Initiate the data Validation
[ 2025-12-08 10:00:53,916 ] 32 root - INFO - Required number of columns:2
[ 2025-12-08 10:00:53,927 ] 33 root - INFO - Data frame has columns:5
[ 2025-12-08 10:00:53,946 ] 32 root - INFO - Required number of columns:2
[ 2025-12-08 10:00:53,946 ] 33 root - INFO - Data frame has columns:5
[ 2025-12-08 10:00:54,047 ] 26 root - INFO - data Validation Completed
[ 2025-12-08 10:00:54,051 ] 31 root - INFO - data Transformation started
[ 2025-12-08 10:00:54,052 ] 48 root - INFO - Entered initiate_data_transformation method of DataTransformation class
[ 2025-12-08 10:00:54,076 ] 56 root - INFO - Read train and test data completed. Train shape: (3511, 5), Test shape: (879, 5)
[ 2025-12-08 10:00:54,094 ] 74 root - INFO - Applying MinMaxScaler
[ 2025-12-08 10:00:54,097 ] 83 root - INFO - Creating sequences with time_step=100
[ 2025-12-08 10:00:54,105 ] 95 root - INFO - Train sequences shape: (3409, 100, 1), Train labels shape: (3409,)
[ 2025-12-08 10:00:54,105 ] 46 root - INFO - Entered the save_object method of MainUtils class
[ 2025-12-08 10:00:54,109 ] 50 root - INFO - Exited the save_object method of MainUtils class
[ 2025-12-08 10:00:54,109 ] 46 root - INFO - Entered the save_object method of MainUtils class
[ 2025-12-08 10:00:54,117 ] 50 root - INFO - Exited the save_object method of MainUtils class
[ 2025-12-08 10:00:54,117 ] 46 root - INFO - Entered the save_object method of MainUtils class
[ 2025-12-08 10:00:54,121 ] 50 root - INFO - Exited the save_object method of MainUtils class
[ 2025-12-08 10:00:54,121 ] 155 root - INFO - Data transformation artifact: DataTransformationArtifact(transformed_object_file_path='Artifacts\\12_08_2025_10_00_35\\data_transformation\\transformed_object\\preprocessing.pkl', transformed_train_file_path='Artifacts\\12_08_2025_10_00_35\\data_transformation\\transformed\\train.npy', transformed_test_file_path='Artifacts\\12_08_2025_10_00_35\\data_transformation\\transformed\\test.npy')
[ 2025-12-08 10:00:54,124 ] 35 root - INFO - data Transformation completed
[ 2025-12-08 10:00:54,125 ] 37 root - INFO - Model Training stared
[ 2025-12-08 10:00:54,125 ] 109 root - INFO - Entered initiate_model_trainer
[ 2025-12-08 10:00:54,126 ] 114 root - INFO - Loading transformed data from Artifacts\12_08_2025_10_00_35\data_transformation\transformed\train.npy and Artifacts\12_08_2025_10_00_35\data_transformation\transformed\test.npy
[ 2025-12-08 10:00:54,190 ] 122 root - INFO - Loaded train data shapes: X=(3409, 100, 1), y=(3409,)
[ 2025-12-08 10:00:56,711 ] 1025 httpx - INFO - HTTP Request: GET https://dagshub.com/api/v1/user "HTTP/1.1 200 OK"
[ 2025-12-08 10:00:56,741 ] 107 dagshub - INFO - Accessing as sliitguy
[ 2025-12-08 10:00:58,365 ] 1025 httpx - INFO - HTTP Request: GET https://dagshub.com/api/v1/repos/karthik293/NetworkSecurity "HTTP/1.1 404 Not Found"
[ 2025-12-08 10:00:58,368 ] 107 dagshub - INFO - Repository NetworkSecurity doesn't exist, creating it under current user.
[ 2025-12-08 10:00:59,735 ] 1025 httpx - INFO - HTTP Request: POST https://dagshub.com/api/v1/user/repos "HTTP/1.1 201 Created"
[ 2025-12-08 10:01:01,145 ] 1025 httpx - INFO - HTTP Request: GET https://dagshub.com/api/v1/user "HTTP/1.1 200 OK"
[ 2025-12-08 10:01:01,160 ] 107 dagshub - INFO - Initialized MLflow to track repo "karthik293/NetworkSecurity"
[ 2025-12-08 10:01:01,160 ] 107 dagshub - INFO - Repository karthik293/NetworkSecurity initialized!
