[ 2025-12-08 12:22:46,310 ] 17 root - INFO - Initiate the data ingestion
[ 2025-12-08 12:22:46,310 ] 35 root - INFO - Downloading stock data for COMB-N0000.CM from 2000-01-01 00:00:00 to 2025-12-08 12:22:46.310624
[ 2025-12-08 12:22:54,791 ] 42 root - INFO - Flattened multi-level columns from yfinance
[ 2025-12-08 12:22:54,801 ] 58 root - INFO - Downloaded and cleaned 4439 rows of stock data
[ 2025-12-08 12:22:54,801 ] 59 root - INFO - Columns: ['Date', 'Close', 'High', 'Low', 'Open', 'Volume']
[ 2025-12-08 12:22:54,859 ] 85 root - INFO - Performed train test split on the dataframe
[ 2025-12-08 12:22:54,860 ] 87 root - INFO - Exited split_data_as_train_test method of Data_Ingestion class
[ 2025-12-08 12:22:54,861 ] 95 root - INFO - Exporting train and test file path.
[ 2025-12-08 12:22:54,907 ] 104 root - INFO - Exported train and test file path.
[ 2025-12-08 12:22:54,907 ] 19 root - INFO - Data Initiation Completed
[ 2025-12-08 12:22:54,910 ] 24 root - INFO - Initiate the data Validation
[ 2025-12-08 12:22:55,025 ] 32 root - INFO - Required number of columns:6
[ 2025-12-08 12:22:55,025 ] 33 root - INFO - Data frame has columns:6
[ 2025-12-08 12:22:55,025 ] 32 root - INFO - Required number of columns:6
[ 2025-12-08 12:22:55,025 ] 33 root - INFO - Data frame has columns:6
[ 2025-12-08 12:22:55,187 ] 26 root - INFO - data Validation Completed
[ 2025-12-08 12:22:55,188 ] 31 root - INFO - data Transformation started
[ 2025-12-08 12:22:55,188 ] 50 root - INFO - Entered initiate_data_transformation method of DataTransformation class
[ 2025-12-08 12:22:55,210 ] 58 root - INFO - Read train and test data completed. Train shape: (3551, 6), Test shape: (888, 6)
[ 2025-12-08 12:22:55,221 ] 85 root - INFO - Sorted combined data by Date column
[ 2025-12-08 12:22:55,222 ] 99 root - INFO - Combined data shape: (4439, 6), Train portion: 3551 rows (80%)
[ 2025-12-08 12:22:55,223 ] 103 root - INFO - Applying MinMaxScaler on combined data
[ 2025-12-08 12:22:55,224 ] 111 root - INFO - Creating sequences with time_step=60
[ 2025-12-08 12:22:55,233 ] 134 root - INFO - Train sequences shape: (3490, 60, 1), Train labels shape: (3490,)
[ 2025-12-08 12:22:55,233 ] 135 root - INFO - Test sequences shape: (888, 60, 1), Test labels shape: (888,)
[ 2025-12-08 12:22:55,233 ] 46 root - INFO - Entered the save_object method of MainUtils class
[ 2025-12-08 12:22:55,237 ] 50 root - INFO - Exited the save_object method of MainUtils class
[ 2025-12-08 12:22:55,237 ] 46 root - INFO - Entered the save_object method of MainUtils class
[ 2025-12-08 12:22:55,242 ] 50 root - INFO - Exited the save_object method of MainUtils class
[ 2025-12-08 12:22:55,242 ] 46 root - INFO - Entered the save_object method of MainUtils class
[ 2025-12-08 12:22:55,249 ] 50 root - INFO - Exited the save_object method of MainUtils class
[ 2025-12-08 12:22:55,249 ] 161 root - INFO - Data transformation artifact: DataTransformationArtifact(transformed_object_file_path='Artifacts\\12_08_2025_12_21_53\\data_transformation\\transformed_object\\preprocessing.pkl', transformed_train_file_path='Artifacts\\12_08_2025_12_21_53\\data_transformation\\transformed\\train.npy', transformed_test_file_path='Artifacts\\12_08_2025_12_21_53\\data_transformation\\transformed\\test.npy')
[ 2025-12-08 12:22:55,250 ] 35 root - INFO - data Transformation completed
[ 2025-12-08 12:22:55,251 ] 37 root - INFO - Model Training stared
[ 2025-12-08 12:22:55,251 ] 166 root - INFO - Entered initiate_model_trainer
[ 2025-12-08 12:22:55,251 ] 171 root - INFO - Loading transformed data from Artifacts\12_08_2025_12_21_53\data_transformation\transformed\train.npy and Artifacts\12_08_2025_12_21_53\data_transformation\transformed\test.npy
[ 2025-12-08 12:22:55,303 ] 179 root - INFO - Loaded train data shapes: X=(3490, 60, 1), y=(3490,)
[ 2025-12-08 12:22:55,329 ] 184 root - INFO - Loaded scaler from Artifacts\12_08_2025_12_21_53\data_transformation\transformed_object\preprocessing.pkl
[ 2025-12-08 12:22:59,328 ] 1025 httpx - INFO - HTTP Request: GET https://dagshub.com/api/v1/user "HTTP/1.1 200 OK"
[ 2025-12-08 12:22:59,337 ] 107 dagshub - INFO - Accessing as sliitguy
[ 2025-12-08 12:23:01,582 ] 1025 httpx - INFO - HTTP Request: GET https://dagshub.com/api/v1/repos/sliitguy/Model-X "HTTP/1.1 200 OK"
[ 2025-12-08 12:23:03,975 ] 1025 httpx - INFO - HTTP Request: GET https://dagshub.com/api/v1/user "HTTP/1.1 200 OK"
[ 2025-12-08 12:23:03,978 ] 107 dagshub - INFO - Initialized MLflow to track repo "sliitguy/Model-X"
[ 2025-12-08 12:23:03,979 ] 107 dagshub - INFO - Repository sliitguy/Model-X initialized!
[ 2025-12-08 12:23:11,272 ] 105 root - INFO - Fitting Bidirectional LSTM model with callbacks
[ 2025-12-08 12:35:16,240 ] 124 root - INFO - DEBUG - y_test_actual sample (first 5): [45.51704025 45.34592438 45.08924866 44.91813278 44.49034119]
[ 2025-12-08 12:35:16,250 ] 125 root - INFO - DEBUG - test_predict sample (first 5): [47.42489  47.416054 47.376503 47.291115 47.179756]
[ 2025-12-08 12:35:16,252 ] 126 root - INFO - DEBUG - y_test_actual range: min=41.923587799072266, max=216.75
[ 2025-12-08 12:35:16,252 ] 127 root - INFO - DEBUG - test_predict range: min=44.35092544555664, max=206.35960388183594
[ 2025-12-08 12:35:16,278 ] 136 root - INFO - Test RMSE: 3.8451812748598857, MAE: 2.953346338358011, R2: 0.9933375695446531, MAPE: 0.0336966686571582
[ 2025-12-08 12:35:23,623 ] 868 urllib3.connectionpool - WARNING - Retrying (Retry(total=6, connect=7, read=6, redirect=7, status=7)) after connection broken by 'ConnectionResetError(10054, 'An existing connection was forcibly closed by the remote host', None, 10054, None)': /sliitguy/Model-X.mlflow/api/2.0/mlflow/runs/get?run_uuid=041ef73866a44d25afea32d576e55935&run_id=041ef73866a44d25afea32d576e55935
[ 2025-12-08 12:35:36,299 ] 83 absl - WARNING - You are saving your model as an HDF5 file via `model.save()` or `keras.saving.save_model(model)`. This file format is considered legacy. We recommend using instead the native Keras format, e.g. `model.save('my_model.keras')` or `keras.saving.save_model(model, 'my_model.keras')`. 
[ 2025-12-08 12:36:01,637 ] 188 root - INFO - Saving trained model
[ 2025-12-08 12:36:01,643 ] 46 root - INFO - Entered the save_object method of MainUtils class
[ 2025-12-08 12:36:02,166 ] 50 root - INFO - Exited the save_object method of MainUtils class
[ 2025-12-08 12:36:02,215 ] 219 root - INFO - Model Trainer Artifact: ModelTrainerArtifact(trained_model_file_path='Artifacts\\12_08_2025_12_21_53\\model_trainer\\trained_model\\model.pkl', train_metric_artifact=None, test_metric_artifact=RegressionMetricArtifact(rmse=np.float64(3.8451812748598857), mae=2.953346338358011, r2_score=0.9933375695446531, mape=0.0336966686571582))
[ 2025-12-08 12:36:02,217 ] 42 root - INFO - Model Training artifact created
