[ 2025-12-08 10:03:01,137 ] 17 root - INFO - Initiate the data ingestion
[ 2025-12-08 10:03:03,174 ] 58 root - INFO - Performed train test split on the dataframe
[ 2025-12-08 10:03:03,174 ] 60 root - INFO - Exited split_data_as_train_test method of Data_Ingestion class
[ 2025-12-08 10:03:03,175 ] 68 root - INFO - Exporting train and test file path.
[ 2025-12-08 10:03:03,211 ] 77 root - INFO - Exported train and test file path.
[ 2025-12-08 10:03:03,211 ] 19 root - INFO - Data Initiation Completed
[ 2025-12-08 10:03:03,214 ] 24 root - INFO - Initiate the data Validation
[ 2025-12-08 10:03:03,300 ] 32 root - INFO - Required number of columns:2
[ 2025-12-08 10:03:03,302 ] 33 root - INFO - Data frame has columns:5
[ 2025-12-08 10:03:03,302 ] 32 root - INFO - Required number of columns:2
[ 2025-12-08 10:03:03,302 ] 33 root - INFO - Data frame has columns:5
[ 2025-12-08 10:03:03,376 ] 26 root - INFO - data Validation Completed
[ 2025-12-08 10:03:03,377 ] 31 root - INFO - data Transformation started
[ 2025-12-08 10:03:03,377 ] 48 root - INFO - Entered initiate_data_transformation method of DataTransformation class
[ 2025-12-08 10:03:03,396 ] 56 root - INFO - Read train and test data completed. Train shape: (3511, 5), Test shape: (879, 5)
[ 2025-12-08 10:03:03,407 ] 74 root - INFO - Applying MinMaxScaler
[ 2025-12-08 10:03:03,410 ] 83 root - INFO - Creating sequences with time_step=100
[ 2025-12-08 10:03:03,418 ] 95 root - INFO - Train sequences shape: (3409, 100, 1), Train labels shape: (3409,)
[ 2025-12-08 10:03:03,419 ] 46 root - INFO - Entered the save_object method of MainUtils class
[ 2025-12-08 10:03:03,421 ] 50 root - INFO - Exited the save_object method of MainUtils class
[ 2025-12-08 10:03:03,421 ] 46 root - INFO - Entered the save_object method of MainUtils class
[ 2025-12-08 10:03:03,427 ] 50 root - INFO - Exited the save_object method of MainUtils class
[ 2025-12-08 10:03:03,427 ] 46 root - INFO - Entered the save_object method of MainUtils class
[ 2025-12-08 10:03:03,430 ] 50 root - INFO - Exited the save_object method of MainUtils class
[ 2025-12-08 10:03:03,431 ] 155 root - INFO - Data transformation artifact: DataTransformationArtifact(transformed_object_file_path='Artifacts\\12_08_2025_10_02_47\\data_transformation\\transformed_object\\preprocessing.pkl', transformed_train_file_path='Artifacts\\12_08_2025_10_02_47\\data_transformation\\transformed\\train.npy', transformed_test_file_path='Artifacts\\12_08_2025_10_02_47\\data_transformation\\transformed\\test.npy')
[ 2025-12-08 10:03:03,433 ] 35 root - INFO - data Transformation completed
[ 2025-12-08 10:03:03,433 ] 37 root - INFO - Model Training stared
[ 2025-12-08 10:03:03,433 ] 110 root - INFO - Entered initiate_model_trainer
[ 2025-12-08 10:03:03,434 ] 115 root - INFO - Loading transformed data from Artifacts\12_08_2025_10_02_47\data_transformation\transformed\train.npy and Artifacts\12_08_2025_10_02_47\data_transformation\transformed\test.npy
[ 2025-12-08 10:03:03,480 ] 123 root - INFO - Loaded train data shapes: X=(3409, 100, 1), y=(3409,)
[ 2025-12-08 10:03:05,924 ] 1025 httpx - INFO - HTTP Request: GET https://dagshub.com/api/v1/user "HTTP/1.1 200 OK"
[ 2025-12-08 10:03:05,932 ] 107 dagshub - INFO - Accessing as sliitguy
[ 2025-12-08 10:03:07,460 ] 1025 httpx - INFO - HTTP Request: GET https://dagshub.com/api/v1/repos/sliitguy/Model-X "HTTP/1.1 200 OK"
[ 2025-12-08 10:03:08,775 ] 1025 httpx - INFO - HTTP Request: GET https://dagshub.com/api/v1/user "HTTP/1.1 200 OK"
[ 2025-12-08 10:03:08,777 ] 107 dagshub - INFO - Initialized MLflow to track repo "sliitguy/Model-X"
[ 2025-12-08 10:03:08,778 ] 107 dagshub - INFO - Repository sliitguy/Model-X initialized!
[ 2025-12-08 10:03:11,742 ] 74 root - INFO - Fitting LSTM model
[ 2025-12-08 10:05:10,226 ] 91 root - INFO - Train RMSE: 0.1566560141751019
[ 2025-12-08 10:05:10,228 ] 92 root - INFO - Test RMSE: 0.14809554688182391
