[ 2025-12-08 11:49:31,027 ] 17 root - INFO - Initiate the data ingestion
[ 2025-12-08 11:49:31,028 ] 35 root - INFO - Downloading stock data for COMB-N0000.CM from 2000-01-01 00:00:00 to 2025-12-08 11:49:31.028169
[ 2025-12-08 11:49:34,673 ] 41 root - INFO - Flattened multi-level columns from yfinance
[ 2025-12-08 11:49:34,673 ] 47 root - INFO - Downloaded 4439 rows of stock data
[ 2025-12-08 11:49:34,740 ] 72 root - INFO - Performed train test split on the dataframe
[ 2025-12-08 11:49:34,740 ] 74 root - INFO - Exited split_data_as_train_test method of Data_Ingestion class
[ 2025-12-08 11:49:34,743 ] 82 root - INFO - Exporting train and test file path.
[ 2025-12-08 11:49:34,844 ] 91 root - INFO - Exported train and test file path.
[ 2025-12-08 11:49:34,845 ] 19 root - INFO - Data Initiation Completed
[ 2025-12-08 11:49:34,848 ] 24 root - INFO - Initiate the data Validation
[ 2025-12-08 11:49:34,986 ] 32 root - INFO - Required number of columns:6
[ 2025-12-08 11:49:34,987 ] 33 root - INFO - Data frame has columns:6
[ 2025-12-08 11:49:34,988 ] 32 root - INFO - Required number of columns:6
[ 2025-12-08 11:49:34,988 ] 33 root - INFO - Data frame has columns:6
[ 2025-12-08 11:49:35,194 ] 26 root - INFO - data Validation Completed
[ 2025-12-08 11:49:35,195 ] 31 root - INFO - data Transformation started
[ 2025-12-08 11:49:35,195 ] 50 root - INFO - Entered initiate_data_transformation method of DataTransformation class
[ 2025-12-08 11:49:35,241 ] 58 root - INFO - Read train and test data completed. Train shape: (3551, 5), Test shape: (888, 5)
[ 2025-12-08 11:49:35,261 ] 82 root - INFO - Sorted combined data by Date index
[ 2025-12-08 11:49:35,262 ] 99 root - INFO - Combined data shape: (4439, 5), Train portion: 3551 rows (80%)
[ 2025-12-08 11:49:35,263 ] 103 root - INFO - Applying MinMaxScaler on combined data
[ 2025-12-08 11:49:35,265 ] 111 root - INFO - Creating sequences with time_step=60
[ 2025-12-08 11:49:35,277 ] 134 root - INFO - Train sequences shape: (3490, 60, 1), Train labels shape: (3490,)
[ 2025-12-08 11:49:35,277 ] 135 root - INFO - Test sequences shape: (888, 60, 1), Test labels shape: (888,)
[ 2025-12-08 11:49:35,277 ] 46 root - INFO - Entered the save_object method of MainUtils class
[ 2025-12-08 11:49:35,280 ] 50 root - INFO - Exited the save_object method of MainUtils class
[ 2025-12-08 11:49:35,280 ] 46 root - INFO - Entered the save_object method of MainUtils class
[ 2025-12-08 11:49:35,294 ] 50 root - INFO - Exited the save_object method of MainUtils class
[ 2025-12-08 11:49:35,294 ] 46 root - INFO - Entered the save_object method of MainUtils class
[ 2025-12-08 11:49:35,297 ] 50 root - INFO - Exited the save_object method of MainUtils class
[ 2025-12-08 11:49:35,298 ] 161 root - INFO - Data transformation artifact: DataTransformationArtifact(transformed_object_file_path='Artifacts\\12_08_2025_11_49_12\\data_transformation\\transformed_object\\preprocessing.pkl', transformed_train_file_path='Artifacts\\12_08_2025_11_49_12\\data_transformation\\transformed\\train.npy', transformed_test_file_path='Artifacts\\12_08_2025_11_49_12\\data_transformation\\transformed\\test.npy')
[ 2025-12-08 11:49:35,303 ] 35 root - INFO - data Transformation completed
[ 2025-12-08 11:49:35,303 ] 37 root - INFO - Model Training stared
[ 2025-12-08 11:49:35,303 ] 141 root - INFO - Entered initiate_model_trainer
[ 2025-12-08 11:49:35,303 ] 146 root - INFO - Loading transformed data from Artifacts\12_08_2025_11_49_12\data_transformation\transformed\train.npy and Artifacts\12_08_2025_11_49_12\data_transformation\transformed\test.npy
[ 2025-12-08 11:49:35,403 ] 154 root - INFO - Loaded train data shapes: X=(3490, 60, 1), y=(3490,)
[ 2025-12-08 11:49:35,437 ] 159 root - INFO - Loaded scaler from Artifacts\12_08_2025_11_49_12\data_transformation\transformed_object\preprocessing.pkl
[ 2025-12-08 11:49:37,861 ] 1025 httpx - INFO - HTTP Request: GET https://dagshub.com/api/v1/user "HTTP/1.1 200 OK"
[ 2025-12-08 11:49:37,871 ] 107 dagshub - INFO - Accessing as sliitguy
[ 2025-12-08 11:49:39,805 ] 1025 httpx - INFO - HTTP Request: GET https://dagshub.com/api/v1/repos/sliitguy/Model-X "HTTP/1.1 200 OK"
[ 2025-12-08 11:49:41,545 ] 1025 httpx - INFO - HTTP Request: GET https://dagshub.com/api/v1/user "HTTP/1.1 200 OK"
[ 2025-12-08 11:49:41,548 ] 107 dagshub - INFO - Initialized MLflow to track repo "sliitguy/Model-X"
[ 2025-12-08 11:49:41,549 ] 107 dagshub - INFO - Repository sliitguy/Model-X initialized!
[ 2025-12-08 11:49:44,733 ] 81 root - INFO - Fitting LSTM model
[ 2025-12-08 11:52:06,042 ] 99 root - INFO - DEBUG - y_test_actual sample (first 5): [45.51704025 45.34592438 45.08924866 44.91812897 44.49033737]
[ 2025-12-08 11:52:06,049 ] 100 root - INFO - DEBUG - test_predict sample (first 5): [45.27007  45.333138 45.382435 45.415382 45.43008 ]
[ 2025-12-08 11:52:06,049 ] 101 root - INFO - DEBUG - y_test_actual range: min=41.92358779907226, max=216.75
[ 2025-12-08 11:52:06,049 ] 102 root - INFO - DEBUG - test_predict range: min=42.687583923339844, max=195.1842498779297
[ 2025-12-08 11:52:06,054 ] 111 root - INFO - Test RMSE: 7.816685162969512, MAE: 5.374848602054356, R2: 0.9724675860665882, MAPE: 0.048283142299484834
[ 2025-12-08 11:52:12,596 ] 83 absl - WARNING - You are saving your model as an HDF5 file via `model.save()` or `keras.saving.save_model(model)`. This file format is considered legacy. We recommend using instead the native Keras format, e.g. `model.save('my_model.keras')` or `keras.saving.save_model(model, 'my_model.keras')`. 
[ 2025-12-08 11:52:24,571 ] 163 root - INFO - Saving trained model
[ 2025-12-08 11:52:24,572 ] 46 root - INFO - Entered the save_object method of MainUtils class
[ 2025-12-08 11:52:24,673 ] 50 root - INFO - Exited the save_object method of MainUtils class
[ 2025-12-08 11:52:24,675 ] 194 root - INFO - Model Trainer Artifact: ModelTrainerArtifact(trained_model_file_path='Artifacts\\12_08_2025_11_49_12\\model_trainer\\trained_model\\model.pkl', train_metric_artifact=None, test_metric_artifact=RegressionMetricArtifact(rmse=np.float64(7.816685162969512), mae=5.374848602054356, r2_score=0.9724675860665882, mape=0.048283142299484834))
[ 2025-12-08 11:52:24,675 ] 42 root - INFO - Model Training artifact created
