[ 2025-12-10 02:58:50,618 ] 96 root - INFO - 
======================================================================
[ 2025-12-10 02:58:50,619 ] 97 root - INFO - STOCK PRICE PREDICTION - MULTI-STOCK TRAINING PIPELINE
[ 2025-12-10 02:58:50,619 ] 98 root - INFO - Started at: 2025-12-10 02:58:50
[ 2025-12-10 02:58:50,619 ] 99 root - INFO - Stocks to train: ['AAPL', 'GOOGL', 'MSFT', 'AMZN', 'META', 'NVDA', 'TSLA', 'JPM', 'V', 'JNJ']
[ 2025-12-10 02:58:50,619 ] 100 root - INFO - ======================================================================

[ 2025-12-10 02:58:50,619 ] 36 root - INFO - 
============================================================
[ 2025-12-10 02:58:50,619 ] 37 root - INFO - Training model for: AAPL
[ 2025-12-10 02:58:50,619 ] 38 root - INFO - ============================================================
[ 2025-12-10 02:58:50,619 ] 45 root - INFO - DataIngestion initialized for stock: AAPL (AAPL)
[ 2025-12-10 02:58:50,619 ] 43 root - INFO - [AAPL] Starting data ingestion...
[ 2025-12-10 02:58:50,619 ] 60 root - INFO - Downloading AAPL (AAPL) from 2000-01-01 to 2025-12-10
[ 2025-12-10 02:59:00,127 ] 66 root - INFO - Flattened multi-level columns from yfinance
[ 2025-12-10 02:59:00,138 ] 86 root - INFO - \u2713 Downloaded 6524 rows for AAPL
[ 2025-12-10 02:59:00,191 ] 111 root - INFO - Performed train test split on the dataframe
[ 2025-12-10 02:59:00,191 ] 113 root - INFO - Exited split_data_as_train_test method of Data_Ingestion class
[ 2025-12-10 02:59:00,191 ] 121 root - INFO - Exporting train and test file path.
[ 2025-12-10 02:59:00,234 ] 130 root - INFO - Exported train and test file path.
[ 2025-12-10 02:59:00,234 ] 45 root - INFO - [AAPL] \u2713 Data ingestion completed
[ 2025-12-10 02:59:00,236 ] 50 root - INFO - [AAPL] Starting data validation...
[ 2025-12-10 02:59:00,317 ] 32 root - INFO - Required number of columns:6
[ 2025-12-10 02:59:00,317 ] 33 root - INFO - Data frame has columns:8
[ 2025-12-10 02:59:00,317 ] 32 root - INFO - Required number of columns:6
[ 2025-12-10 02:59:00,317 ] 33 root - INFO - Data frame has columns:8
[ 2025-12-10 02:59:00,603 ] 52 root - INFO - [AAPL] \u2713 Data validation completed
[ 2025-12-10 02:59:00,604 ] 57 root - INFO - [AAPL] Starting data transformation...
[ 2025-12-10 02:59:00,604 ] 50 root - INFO - Entered initiate_data_transformation method of DataTransformation class
[ 2025-12-10 02:59:00,629 ] 58 root - INFO - Read train and test data completed. Train shape: (5219, 8), Test shape: (1305, 8)
[ 2025-12-10 02:59:00,666 ] 85 root - INFO - Sorted combined data by Date column
[ 2025-12-10 02:59:00,669 ] 99 root - INFO - Combined data shape: (6524, 8), Train portion: 5219 rows (80%)
[ 2025-12-10 02:59:00,670 ] 103 root - INFO - Applying MinMaxScaler on combined data
[ 2025-12-10 02:59:00,675 ] 111 root - INFO - Creating sequences with time_step=60
[ 2025-12-10 02:59:00,685 ] 134 root - INFO - Train sequences shape: (5158, 60, 1), Train labels shape: (5158,)
[ 2025-12-10 02:59:00,686 ] 135 root - INFO - Test sequences shape: (1305, 60, 1), Test labels shape: (1305,)
[ 2025-12-10 02:59:00,686 ] 46 root - INFO - Entered the save_object method of MainUtils class
[ 2025-12-10 02:59:00,692 ] 50 root - INFO - Exited the save_object method of MainUtils class
[ 2025-12-10 02:59:00,692 ] 46 root - INFO - Entered the save_object method of MainUtils class
[ 2025-12-10 02:59:00,699 ] 50 root - INFO - Exited the save_object method of MainUtils class
[ 2025-12-10 02:59:00,699 ] 46 root - INFO - Entered the save_object method of MainUtils class
[ 2025-12-10 02:59:00,704 ] 50 root - INFO - Exited the save_object method of MainUtils class
[ 2025-12-10 02:59:00,704 ] 161 root - INFO - Data transformation artifact: DataTransformationArtifact(transformed_object_file_path='Artifacts\\12_10_2025_02_58_15\\data_transformation\\transformed_object\\preprocessing.pkl', transformed_train_file_path='Artifacts\\12_10_2025_02_58_15\\data_transformation\\transformed\\train.npy', transformed_test_file_path='Artifacts\\12_10_2025_02_58_15\\data_transformation\\transformed\\test.npy')
[ 2025-12-10 02:59:00,748 ] 59 root - INFO - [AAPL] \u2713 Data transformation completed
[ 2025-12-10 02:59:00,748 ] 67 root - INFO - [AAPL] Starting model training...
[ 2025-12-10 02:59:00,748 ] 166 root - INFO - Entered initiate_model_trainer
[ 2025-12-10 02:59:00,749 ] 171 root - INFO - Loading transformed data from Artifacts\12_10_2025_02_58_15\data_transformation\transformed\train.npy and Artifacts\12_10_2025_02_58_15\data_transformation\transformed\test.npy
[ 2025-12-10 02:59:00,831 ] 179 root - INFO - Loaded train data shapes: X=(5158, 60, 1), y=(5158,)
[ 2025-12-10 02:59:00,881 ] 184 root - INFO - Loaded scaler from Artifacts\12_10_2025_02_58_15\data_transformation\transformed_object\preprocessing.pkl
[ 2025-12-10 02:59:02,979 ] 1025 httpx - INFO - HTTP Request: GET https://dagshub.com/api/v1/user "HTTP/1.1 200 OK"
[ 2025-12-10 02:59:02,988 ] 107 dagshub - INFO - Accessing as sliitguy
[ 2025-12-10 02:59:05,437 ] 1025 httpx - INFO - HTTP Request: GET https://dagshub.com/api/v1/repos/sliitguy/Model-X "HTTP/1.1 200 OK"
[ 2025-12-10 02:59:07,535 ] 1025 httpx - INFO - HTTP Request: GET https://dagshub.com/api/v1/user "HTTP/1.1 200 OK"
[ 2025-12-10 02:59:07,538 ] 107 dagshub - INFO - Initialized MLflow to track repo "sliitguy/Model-X"
[ 2025-12-10 02:59:07,539 ] 107 dagshub - INFO - Repository sliitguy/Model-X initialized!
[ 2025-12-10 02:59:12,764 ] 105 root - INFO - Fitting Bidirectional LSTM model with callbacks
