[ 2025-12-10 03:05:07,145 ] 96 root - INFO - 
======================================================================
[ 2025-12-10 03:05:07,145 ] 97 root - INFO - STOCK PRICE PREDICTION - MULTI-STOCK TRAINING PIPELINE
[ 2025-12-10 03:05:07,146 ] 98 root - INFO - Started at: 2025-12-10 03:05:07
[ 2025-12-10 03:05:07,146 ] 99 root - INFO - Stocks to train: ['AAPL', 'GOOGL', 'MSFT', 'AMZN', 'META', 'NVDA', 'TSLA', 'JPM', 'V', 'JNJ']
[ 2025-12-10 03:05:07,146 ] 100 root - INFO - ======================================================================

[ 2025-12-10 03:05:07,146 ] 36 root - INFO - 
============================================================
[ 2025-12-10 03:05:07,146 ] 37 root - INFO - Training model for: AAPL
[ 2025-12-10 03:05:07,146 ] 38 root - INFO - ============================================================
[ 2025-12-10 03:05:07,146 ] 45 root - INFO - DataIngestion initialized for stock: AAPL (AAPL)
[ 2025-12-10 03:05:07,146 ] 43 root - INFO - [AAPL] Starting data ingestion...
[ 2025-12-10 03:05:07,146 ] 60 root - INFO - Downloading AAPL (AAPL) from 2000-01-01 to 2025-12-10
[ 2025-12-10 03:05:08,822 ] 66 root - INFO - Flattened multi-level columns from yfinance
[ 2025-12-10 03:05:08,832 ] 86 root - INFO - \u2713 Downloaded 6524 rows for AAPL
[ 2025-12-10 03:05:08,885 ] 111 root - INFO - Performed train test split on the dataframe
[ 2025-12-10 03:05:08,885 ] 113 root - INFO - Exited split_data_as_train_test method of Data_Ingestion class
[ 2025-12-10 03:05:08,886 ] 121 root - INFO - Exporting train and test file path.
[ 2025-12-10 03:05:08,932 ] 130 root - INFO - Exported train and test file path.
[ 2025-12-10 03:05:08,933 ] 45 root - INFO - [AAPL] \u2713 Data ingestion completed
[ 2025-12-10 03:05:08,934 ] 50 root - INFO - [AAPL] Starting data validation...
[ 2025-12-10 03:05:08,997 ] 32 root - INFO - Required number of columns:6
[ 2025-12-10 03:05:08,997 ] 33 root - INFO - Data frame has columns:8
[ 2025-12-10 03:05:08,998 ] 32 root - INFO - Required number of columns:6
[ 2025-12-10 03:05:08,998 ] 33 root - INFO - Data frame has columns:8
[ 2025-12-10 03:05:09,265 ] 52 root - INFO - [AAPL] \u2713 Data validation completed
[ 2025-12-10 03:05:09,265 ] 57 root - INFO - [AAPL] Starting data transformation...
[ 2025-12-10 03:05:09,265 ] 50 root - INFO - Entered initiate_data_transformation method of DataTransformation class
[ 2025-12-10 03:05:09,280 ] 58 root - INFO - Read train and test data completed. Train shape: (5219, 8), Test shape: (1305, 8)
[ 2025-12-10 03:05:09,286 ] 85 root - INFO - Sorted combined data by Date column
[ 2025-12-10 03:05:09,286 ] 99 root - INFO - Combined data shape: (6524, 8), Train portion: 5219 rows (80%)
[ 2025-12-10 03:05:09,287 ] 103 root - INFO - Applying MinMaxScaler on combined data
[ 2025-12-10 03:05:09,288 ] 111 root - INFO - Creating sequences with time_step=60
[ 2025-12-10 03:05:09,294 ] 134 root - INFO - Train sequences shape: (5158, 60, 1), Train labels shape: (5158,)
[ 2025-12-10 03:05:09,294 ] 135 root - INFO - Test sequences shape: (1305, 60, 1), Test labels shape: (1305,)
[ 2025-12-10 03:05:09,294 ] 46 root - INFO - Entered the save_object method of MainUtils class
[ 2025-12-10 03:05:09,296 ] 50 root - INFO - Exited the save_object method of MainUtils class
[ 2025-12-10 03:05:09,297 ] 46 root - INFO - Entered the save_object method of MainUtils class
[ 2025-12-10 03:05:09,301 ] 50 root - INFO - Exited the save_object method of MainUtils class
[ 2025-12-10 03:05:09,301 ] 46 root - INFO - Entered the save_object method of MainUtils class
[ 2025-12-10 03:05:09,303 ] 50 root - INFO - Exited the save_object method of MainUtils class
[ 2025-12-10 03:05:09,304 ] 161 root - INFO - Data transformation artifact: DataTransformationArtifact(transformed_object_file_path='Artifacts\\12_10_2025_03_04_56\\data_transformation\\transformed_object\\preprocessing.pkl', transformed_train_file_path='Artifacts\\12_10_2025_03_04_56\\data_transformation\\transformed\\train.npy', transformed_test_file_path='Artifacts\\12_10_2025_03_04_56\\data_transformation\\transformed\\test.npy')
[ 2025-12-10 03:05:09,304 ] 59 root - INFO - [AAPL] \u2713 Data transformation completed
[ 2025-12-10 03:05:09,305 ] 67 root - INFO - [AAPL] Starting model training...
[ 2025-12-10 03:05:09,305 ] 166 root - INFO - Entered initiate_model_trainer
[ 2025-12-10 03:05:09,305 ] 171 root - INFO - Loading transformed data from Artifacts\12_10_2025_03_04_56\data_transformation\transformed\train.npy and Artifacts\12_10_2025_03_04_56\data_transformation\transformed\test.npy
[ 2025-12-10 03:05:09,342 ] 179 root - INFO - Loaded train data shapes: X=(5158, 60, 1), y=(5158,)
[ 2025-12-10 03:05:09,344 ] 184 root - INFO - Loaded scaler from Artifacts\12_10_2025_03_04_56\data_transformation\transformed_object\preprocessing.pkl
[ 2025-12-10 03:05:11,062 ] 1025 httpx - INFO - HTTP Request: GET https://dagshub.com/api/v1/user "HTTP/1.1 200 OK"
[ 2025-12-10 03:05:11,066 ] 107 dagshub - INFO - Accessing as sliitguy
[ 2025-12-10 03:05:12,682 ] 1025 httpx - INFO - HTTP Request: GET https://dagshub.com/api/v1/repos/sliitguy/Model-X "HTTP/1.1 200 OK"
[ 2025-12-10 03:05:14,254 ] 1025 httpx - INFO - HTTP Request: GET https://dagshub.com/api/v1/user "HTTP/1.1 200 OK"
[ 2025-12-10 03:05:14,256 ] 107 dagshub - INFO - Initialized MLflow to track repo "sliitguy/Model-X"
[ 2025-12-10 03:05:14,257 ] 107 dagshub - INFO - Repository sliitguy/Model-X initialized!
[ 2025-12-10 03:05:19,808 ] 105 root - INFO - Fitting Bidirectional LSTM model with callbacks
[ 2025-12-10 03:09:15,104 ] 124 root - INFO - DEBUG - y_test_actual sample (first 5): [110.86989594 112.54133606 113.49369812 109.83008575 113.21189117]
[ 2025-12-10 03:09:15,105 ] 125 root - INFO - DEBUG - test_predict sample (first 5): [106.79186  107.408005 108.26121  109.21566  109.54685 ]
[ 2025-12-10 03:09:15,105 ] 126 root - INFO - DEBUG - y_test_actual range: min=105.70006561279295, max=286.19000244140625
[ 2025-12-10 03:09:15,105 ] 127 root - INFO - DEBUG - test_predict range: min=106.79186248779297, max=269.0722961425781
[ 2025-12-10 03:09:15,107 ] 136 root - INFO - Test RMSE: 6.6478366198726935, MAE: 5.107871342801499, R2: 0.9726608575326671, MAPE: 0.02797392962488849
[ 2025-12-10 03:09:21,470 ] 83 absl - WARNING - You are saving your model as an HDF5 file via `model.save()` or `keras.saving.save_model(model)`. This file format is considered legacy. We recommend using instead the native Keras format, e.g. `model.save('my_model.keras')` or `keras.saving.save_model(model, 'my_model.keras')`. 
[ 2025-12-10 03:09:44,785 ] 188 root - INFO - Saving trained model
[ 2025-12-10 03:09:44,787 ] 46 root - INFO - Entered the save_object method of MainUtils class
[ 2025-12-10 03:09:44,887 ] 50 root - INFO - Exited the save_object method of MainUtils class
[ 2025-12-10 03:09:44,889 ] 219 root - INFO - Model Trainer Artifact: ModelTrainerArtifact(trained_model_file_path='Artifacts\\12_10_2025_03_04_56\\model_trainer\\trained_model\\model.pkl', train_metric_artifact=None, test_metric_artifact=RegressionMetricArtifact(rmse=np.float64(6.6478366198726935), mae=5.107871342801499, r2_score=0.9726608575326671, mape=0.02797392962488849))
[ 2025-12-10 03:09:44,889 ] 69 root - INFO - [AAPL] \u2713 Model training completed
[ 2025-12-10 03:09:44,889 ] 78 root - INFO - [AAPL] \u2713 Pipeline completed successfully!
[ 2025-12-10 03:09:44,889 ] 36 root - INFO - 
============================================================
[ 2025-12-10 03:09:44,889 ] 37 root - INFO - Training model for: GOOGL
[ 2025-12-10 03:09:44,889 ] 38 root - INFO - ============================================================
[ 2025-12-10 03:09:44,890 ] 45 root - INFO - DataIngestion initialized for stock: GOOGL (GOOGL)
[ 2025-12-10 03:09:44,890 ] 43 root - INFO - [GOOGL] Starting data ingestion...
[ 2025-12-10 03:09:44,890 ] 60 root - INFO - Downloading GOOGL (GOOGL) from 2000-01-01 to 2025-12-10
[ 2025-12-10 03:09:46,280 ] 66 root - INFO - Flattened multi-level columns from yfinance
[ 2025-12-10 03:09:46,292 ] 86 root - INFO - \u2713 Downloaded 5362 rows for GOOGL
[ 2025-12-10 03:09:46,335 ] 111 root - INFO - Performed train test split on the dataframe
[ 2025-12-10 03:09:46,335 ] 113 root - INFO - Exited split_data_as_train_test method of Data_Ingestion class
[ 2025-12-10 03:09:46,336 ] 121 root - INFO - Exporting train and test file path.
[ 2025-12-10 03:09:46,371 ] 130 root - INFO - Exported train and test file path.
[ 2025-12-10 03:09:46,371 ] 45 root - INFO - [GOOGL] \u2713 Data ingestion completed
[ 2025-12-10 03:09:46,373 ] 50 root - INFO - [GOOGL] Starting data validation...
[ 2025-12-10 03:09:46,427 ] 32 root - INFO - Required number of columns:6
[ 2025-12-10 03:09:46,427 ] 33 root - INFO - Data frame has columns:8
[ 2025-12-10 03:09:46,427 ] 32 root - INFO - Required number of columns:6
[ 2025-12-10 03:09:46,427 ] 33 root - INFO - Data frame has columns:8
[ 2025-12-10 03:09:46,625 ] 52 root - INFO - [GOOGL] \u2713 Data validation completed
[ 2025-12-10 03:09:46,625 ] 57 root - INFO - [GOOGL] Starting data transformation...
[ 2025-12-10 03:09:46,625 ] 50 root - INFO - Entered initiate_data_transformation method of DataTransformation class
[ 2025-12-10 03:09:46,643 ] 58 root - INFO - Read train and test data completed. Train shape: (4289, 8), Test shape: (1073, 8)
[ 2025-12-10 03:09:46,650 ] 85 root - INFO - Sorted combined data by Date column
[ 2025-12-10 03:09:46,650 ] 99 root - INFO - Combined data shape: (5362, 8), Train portion: 4289 rows (80%)
[ 2025-12-10 03:09:46,651 ] 103 root - INFO - Applying MinMaxScaler on combined data
[ 2025-12-10 03:09:46,652 ] 111 root - INFO - Creating sequences with time_step=60
[ 2025-12-10 03:09:46,656 ] 134 root - INFO - Train sequences shape: (4228, 60, 1), Train labels shape: (4228,)
[ 2025-12-10 03:09:46,657 ] 135 root - INFO - Test sequences shape: (1073, 60, 1), Test labels shape: (1073,)
[ 2025-12-10 03:09:46,657 ] 46 root - INFO - Entered the save_object method of MainUtils class
[ 2025-12-10 03:09:46,658 ] 50 root - INFO - Exited the save_object method of MainUtils class
[ 2025-12-10 03:09:46,658 ] 46 root - INFO - Entered the save_object method of MainUtils class
[ 2025-12-10 03:09:46,661 ] 50 root - INFO - Exited the save_object method of MainUtils class
[ 2025-12-10 03:09:46,661 ] 46 root - INFO - Entered the save_object method of MainUtils class
[ 2025-12-10 03:09:46,663 ] 50 root - INFO - Exited the save_object method of MainUtils class
[ 2025-12-10 03:09:46,663 ] 161 root - INFO - Data transformation artifact: DataTransformationArtifact(transformed_object_file_path='Artifacts\\12_10_2025_03_04_56\\data_transformation\\transformed_object\\preprocessing.pkl', transformed_train_file_path='Artifacts\\12_10_2025_03_04_56\\data_transformation\\transformed\\train.npy', transformed_test_file_path='Artifacts\\12_10_2025_03_04_56\\data_transformation\\transformed\\test.npy')
[ 2025-12-10 03:09:46,664 ] 59 root - INFO - [GOOGL] \u2713 Data transformation completed
[ 2025-12-10 03:09:46,664 ] 67 root - INFO - [GOOGL] Starting model training...
[ 2025-12-10 03:09:46,664 ] 166 root - INFO - Entered initiate_model_trainer
[ 2025-12-10 03:09:46,664 ] 171 root - INFO - Loading transformed data from Artifacts\12_10_2025_03_04_56\data_transformation\transformed\train.npy and Artifacts\12_10_2025_03_04_56\data_transformation\transformed\test.npy
[ 2025-12-10 03:09:46,698 ] 179 root - INFO - Loaded train data shapes: X=(4228, 60, 1), y=(4228,)
[ 2025-12-10 03:09:46,715 ] 184 root - INFO - Loaded scaler from Artifacts\12_10_2025_03_04_56\data_transformation\transformed_object\preprocessing.pkl
[ 2025-12-10 03:09:48,544 ] 1025 httpx - INFO - HTTP Request: GET https://dagshub.com/api/v1/repos/sliitguy/Model-X "HTTP/1.1 200 OK"
[ 2025-12-10 03:09:48,553 ] 107 dagshub - INFO - Initialized MLflow to track repo "sliitguy/Model-X"
[ 2025-12-10 03:09:48,553 ] 107 dagshub - INFO - Repository sliitguy/Model-X initialized!
[ 2025-12-10 03:09:51,180 ] 105 root - INFO - Fitting Bidirectional LSTM model with callbacks
[ 2025-12-10 03:13:33,619 ] 124 root - INFO - DEBUG - y_test_actual sample (first 5): [143.61239624 144.12651062 142.21247864 142.66157532 143.1985321 ]
[ 2025-12-10 03:13:33,620 ] 125 root - INFO - DEBUG - test_predict sample (first 5): [137.80016 138.59035 139.35129 139.81271 140.195  ]
[ 2025-12-10 03:13:33,620 ] 126 root - INFO - DEBUG - y_test_actual range: min=82.80435943603516, max=323.22857666015625
[ 2025-12-10 03:13:33,620 ] 127 root - INFO - DEBUG - test_predict range: min=84.8713607788086, max=313.376953125
[ 2025-12-10 03:13:33,623 ] 136 root - INFO - Test RMSE: 5.866571047186825, MAE: 4.512539660052951, R2: 0.9813221039409836, MAPE: 0.030571897610460273
[ 2025-12-10 03:13:38,892 ] 83 absl - WARNING - You are saving your model as an HDF5 file via `model.save()` or `keras.saving.save_model(model)`. This file format is considered legacy. We recommend using instead the native Keras format, e.g. `model.save('my_model.keras')` or `keras.saving.save_model(model, 'my_model.keras')`. 
[ 2025-12-10 03:13:59,925 ] 188 root - INFO - Saving trained model
[ 2025-12-10 03:13:59,925 ] 46 root - INFO - Entered the save_object method of MainUtils class
[ 2025-12-10 03:14:00,054 ] 50 root - INFO - Exited the save_object method of MainUtils class
[ 2025-12-10 03:14:00,056 ] 219 root - INFO - Model Trainer Artifact: ModelTrainerArtifact(trained_model_file_path='Artifacts\\12_10_2025_03_04_56\\model_trainer\\trained_model\\model.pkl', train_metric_artifact=None, test_metric_artifact=RegressionMetricArtifact(rmse=np.float64(5.866571047186825), mae=4.512539660052951, r2_score=0.9813221039409836, mape=0.030571897610460273))
[ 2025-12-10 03:14:00,059 ] 69 root - INFO - [GOOGL] \u2713 Model training completed
[ 2025-12-10 03:14:00,059 ] 78 root - INFO - [GOOGL] \u2713 Pipeline completed successfully!
[ 2025-12-10 03:14:00,059 ] 36 root - INFO - 
============================================================
[ 2025-12-10 03:14:00,059 ] 37 root - INFO - Training model for: MSFT
[ 2025-12-10 03:14:00,059 ] 38 root - INFO - ============================================================
[ 2025-12-10 03:14:00,059 ] 45 root - INFO - DataIngestion initialized for stock: MSFT (MSFT)
[ 2025-12-10 03:14:00,059 ] 43 root - INFO - [MSFT] Starting data ingestion...
[ 2025-12-10 03:14:00,059 ] 60 root - INFO - Downloading MSFT (MSFT) from 2000-01-01 to 2025-12-10
[ 2025-12-10 03:14:06,709 ] 66 root - INFO - Flattened multi-level columns from yfinance
[ 2025-12-10 03:14:06,724 ] 86 root - INFO - \u2713 Downloaded 6524 rows for MSFT
[ 2025-12-10 03:14:07,487 ] 111 root - INFO - Performed train test split on the dataframe
[ 2025-12-10 03:14:07,487 ] 113 root - INFO - Exited split_data_as_train_test method of Data_Ingestion class
[ 2025-12-10 03:14:07,488 ] 121 root - INFO - Exporting train and test file path.
[ 2025-12-10 03:14:07,536 ] 130 root - INFO - Exported train and test file path.
[ 2025-12-10 03:14:07,537 ] 45 root - INFO - [MSFT] \u2713 Data ingestion completed
[ 2025-12-10 03:14:07,538 ] 50 root - INFO - [MSFT] Starting data validation...
[ 2025-12-10 03:14:07,617 ] 32 root - INFO - Required number of columns:6
[ 2025-12-10 03:14:07,617 ] 33 root - INFO - Data frame has columns:8
[ 2025-12-10 03:14:07,617 ] 32 root - INFO - Required number of columns:6
[ 2025-12-10 03:14:07,617 ] 33 root - INFO - Data frame has columns:8
[ 2025-12-10 03:14:08,080 ] 52 root - INFO - [MSFT] \u2713 Data validation completed
[ 2025-12-10 03:14:08,080 ] 57 root - INFO - [MSFT] Starting data transformation...
[ 2025-12-10 03:14:08,080 ] 50 root - INFO - Entered initiate_data_transformation method of DataTransformation class
[ 2025-12-10 03:14:08,098 ] 58 root - INFO - Read train and test data completed. Train shape: (5219, 8), Test shape: (1305, 8)
[ 2025-12-10 03:14:08,103 ] 85 root - INFO - Sorted combined data by Date column
[ 2025-12-10 03:14:08,104 ] 99 root - INFO - Combined data shape: (6524, 8), Train portion: 5219 rows (80%)
[ 2025-12-10 03:14:08,104 ] 103 root - INFO - Applying MinMaxScaler on combined data
[ 2025-12-10 03:14:08,105 ] 111 root - INFO - Creating sequences with time_step=60
[ 2025-12-10 03:14:08,113 ] 134 root - INFO - Train sequences shape: (5158, 60, 1), Train labels shape: (5158,)
[ 2025-12-10 03:14:08,171 ] 135 root - INFO - Test sequences shape: (1305, 60, 1), Test labels shape: (1305,)
[ 2025-12-10 03:14:08,171 ] 46 root - INFO - Entered the save_object method of MainUtils class
[ 2025-12-10 03:14:08,172 ] 50 root - INFO - Exited the save_object method of MainUtils class
[ 2025-12-10 03:14:08,173 ] 46 root - INFO - Entered the save_object method of MainUtils class
[ 2025-12-10 03:14:08,178 ] 50 root - INFO - Exited the save_object method of MainUtils class
[ 2025-12-10 03:14:08,178 ] 46 root - INFO - Entered the save_object method of MainUtils class
[ 2025-12-10 03:14:08,191 ] 50 root - INFO - Exited the save_object method of MainUtils class
[ 2025-12-10 03:14:08,191 ] 161 root - INFO - Data transformation artifact: DataTransformationArtifact(transformed_object_file_path='Artifacts\\12_10_2025_03_04_56\\data_transformation\\transformed_object\\preprocessing.pkl', transformed_train_file_path='Artifacts\\12_10_2025_03_04_56\\data_transformation\\transformed\\train.npy', transformed_test_file_path='Artifacts\\12_10_2025_03_04_56\\data_transformation\\transformed\\test.npy')
[ 2025-12-10 03:14:08,193 ] 59 root - INFO - [MSFT] \u2713 Data transformation completed
[ 2025-12-10 03:14:08,193 ] 67 root - INFO - [MSFT] Starting model training...
[ 2025-12-10 03:14:08,193 ] 166 root - INFO - Entered initiate_model_trainer
[ 2025-12-10 03:14:08,193 ] 171 root - INFO - Loading transformed data from Artifacts\12_10_2025_03_04_56\data_transformation\transformed\train.npy and Artifacts\12_10_2025_03_04_56\data_transformation\transformed\test.npy
[ 2025-12-10 03:14:08,227 ] 179 root - INFO - Loaded train data shapes: X=(5158, 60, 1), y=(5158,)
[ 2025-12-10 03:14:08,251 ] 184 root - INFO - Loaded scaler from Artifacts\12_10_2025_03_04_56\data_transformation\transformed_object\preprocessing.pkl
[ 2025-12-10 03:14:10,532 ] 1025 httpx - INFO - HTTP Request: GET https://dagshub.com/api/v1/repos/sliitguy/Model-X "HTTP/1.1 200 OK"
[ 2025-12-10 03:14:10,534 ] 107 dagshub - INFO - Initialized MLflow to track repo "sliitguy/Model-X"
[ 2025-12-10 03:14:10,535 ] 107 dagshub - INFO - Repository sliitguy/Model-X initialized!
[ 2025-12-10 03:14:13,929 ] 105 root - INFO - Fitting Bidirectional LSTM model with callbacks
[ 2025-12-10 03:19:33,003 ] 124 root - INFO - DEBUG - y_test_actual sample (first 5): [198.35490417 201.29299927 203.33149719 197.33087158 201.34085083]
[ 2025-12-10 03:19:33,004 ] 125 root - INFO - DEBUG - test_predict sample (first 5): [206.63423 207.11172 207.93683 209.01419 209.23958]
[ 2025-12-10 03:19:33,004 ] 126 root - INFO - DEBUG - y_test_actual range: min=193.63668823242188, max=541.0573730468749
[ 2025-12-10 03:19:33,006 ] 127 root - INFO - DEBUG - test_predict range: min=206.6342315673828, max=514.6477661132812
[ 2025-12-10 03:19:33,009 ] 136 root - INFO - Test RMSE: 11.872535598157645, MAE: 9.818027820806396, R2: 0.9830334953867466, MAPE: 0.03244633552651204
[ 2025-12-10 03:19:39,016 ] 83 absl - WARNING - You are saving your model as an HDF5 file via `model.save()` or `keras.saving.save_model(model)`. This file format is considered legacy. We recommend using instead the native Keras format, e.g. `model.save('my_model.keras')` or `keras.saving.save_model(model, 'my_model.keras')`. 
[ 2025-12-10 03:20:18,267 ] 188 root - INFO - Saving trained model
[ 2025-12-10 03:20:18,268 ] 46 root - INFO - Entered the save_object method of MainUtils class
[ 2025-12-10 03:20:18,370 ] 50 root - INFO - Exited the save_object method of MainUtils class
[ 2025-12-10 03:20:18,373 ] 219 root - INFO - Model Trainer Artifact: ModelTrainerArtifact(trained_model_file_path='Artifacts\\12_10_2025_03_04_56\\model_trainer\\trained_model\\model.pkl', train_metric_artifact=None, test_metric_artifact=RegressionMetricArtifact(rmse=np.float64(11.872535598157645), mae=9.818027820806396, r2_score=0.9830334953867466, mape=0.03244633552651204))
[ 2025-12-10 03:20:18,373 ] 69 root - INFO - [MSFT] \u2713 Model training completed
[ 2025-12-10 03:20:18,374 ] 78 root - INFO - [MSFT] \u2713 Pipeline completed successfully!
[ 2025-12-10 03:20:18,374 ] 36 root - INFO - 
============================================================
[ 2025-12-10 03:20:18,374 ] 37 root - INFO - Training model for: AMZN
[ 2025-12-10 03:20:18,374 ] 38 root - INFO - ============================================================
[ 2025-12-10 03:20:18,374 ] 45 root - INFO - DataIngestion initialized for stock: AMZN (AMZN)
[ 2025-12-10 03:20:18,374 ] 43 root - INFO - [AMZN] Starting data ingestion...
[ 2025-12-10 03:20:18,374 ] 60 root - INFO - Downloading AMZN (AMZN) from 2000-01-01 to 2025-12-10
[ 2025-12-10 03:20:23,389 ] 66 root - INFO - Flattened multi-level columns from yfinance
[ 2025-12-10 03:20:23,400 ] 86 root - INFO - \u2713 Downloaded 6524 rows for AMZN
[ 2025-12-10 03:20:23,464 ] 111 root - INFO - Performed train test split on the dataframe
[ 2025-12-10 03:20:23,467 ] 113 root - INFO - Exited split_data_as_train_test method of Data_Ingestion class
[ 2025-12-10 03:20:23,469 ] 121 root - INFO - Exporting train and test file path.
[ 2025-12-10 03:20:23,521 ] 130 root - INFO - Exported train and test file path.
[ 2025-12-10 03:20:23,522 ] 45 root - INFO - [AMZN] \u2713 Data ingestion completed
[ 2025-12-10 03:20:23,524 ] 50 root - INFO - [AMZN] Starting data validation...
[ 2025-12-10 03:20:23,589 ] 32 root - INFO - Required number of columns:6
[ 2025-12-10 03:20:23,589 ] 33 root - INFO - Data frame has columns:8
[ 2025-12-10 03:20:23,589 ] 32 root - INFO - Required number of columns:6
[ 2025-12-10 03:20:23,589 ] 33 root - INFO - Data frame has columns:8
[ 2025-12-10 03:20:23,852 ] 52 root - INFO - [AMZN] \u2713 Data validation completed
[ 2025-12-10 03:20:23,852 ] 57 root - INFO - [AMZN] Starting data transformation...
[ 2025-12-10 03:20:23,852 ] 50 root - INFO - Entered initiate_data_transformation method of DataTransformation class
[ 2025-12-10 03:20:23,869 ] 58 root - INFO - Read train and test data completed. Train shape: (5219, 8), Test shape: (1305, 8)
[ 2025-12-10 03:20:23,875 ] 85 root - INFO - Sorted combined data by Date column
[ 2025-12-10 03:20:23,876 ] 99 root - INFO - Combined data shape: (6524, 8), Train portion: 5219 rows (80%)
[ 2025-12-10 03:20:23,877 ] 103 root - INFO - Applying MinMaxScaler on combined data
[ 2025-12-10 03:20:23,877 ] 111 root - INFO - Creating sequences with time_step=60
[ 2025-12-10 03:20:23,885 ] 134 root - INFO - Train sequences shape: (5158, 60, 1), Train labels shape: (5158,)
[ 2025-12-10 03:20:23,885 ] 135 root - INFO - Test sequences shape: (1305, 60, 1), Test labels shape: (1305,)
[ 2025-12-10 03:20:23,886 ] 46 root - INFO - Entered the save_object method of MainUtils class
[ 2025-12-10 03:20:23,887 ] 50 root - INFO - Exited the save_object method of MainUtils class
[ 2025-12-10 03:20:23,887 ] 46 root - INFO - Entered the save_object method of MainUtils class
[ 2025-12-10 03:20:23,891 ] 50 root - INFO - Exited the save_object method of MainUtils class
[ 2025-12-10 03:20:23,891 ] 46 root - INFO - Entered the save_object method of MainUtils class
[ 2025-12-10 03:20:23,893 ] 50 root - INFO - Exited the save_object method of MainUtils class
[ 2025-12-10 03:20:23,894 ] 161 root - INFO - Data transformation artifact: DataTransformationArtifact(transformed_object_file_path='Artifacts\\12_10_2025_03_04_56\\data_transformation\\transformed_object\\preprocessing.pkl', transformed_train_file_path='Artifacts\\12_10_2025_03_04_56\\data_transformation\\transformed\\train.npy', transformed_test_file_path='Artifacts\\12_10_2025_03_04_56\\data_transformation\\transformed\\test.npy')
[ 2025-12-10 03:20:23,894 ] 59 root - INFO - [AMZN] \u2713 Data transformation completed
[ 2025-12-10 03:20:23,894 ] 67 root - INFO - [AMZN] Starting model training...
[ 2025-12-10 03:20:23,894 ] 166 root - INFO - Entered initiate_model_trainer
[ 2025-12-10 03:20:23,895 ] 171 root - INFO - Loading transformed data from Artifacts\12_10_2025_03_04_56\data_transformation\transformed\train.npy and Artifacts\12_10_2025_03_04_56\data_transformation\transformed\test.npy
[ 2025-12-10 03:20:23,937 ] 179 root - INFO - Loaded train data shapes: X=(5158, 60, 1), y=(5158,)
[ 2025-12-10 03:20:23,956 ] 184 root - INFO - Loaded scaler from Artifacts\12_10_2025_03_04_56\data_transformation\transformed_object\preprocessing.pkl
[ 2025-12-10 03:20:25,538 ] 1025 httpx - INFO - HTTP Request: GET https://dagshub.com/api/v1/repos/sliitguy/Model-X "HTTP/1.1 200 OK"
[ 2025-12-10 03:20:25,542 ] 107 dagshub - INFO - Initialized MLflow to track repo "sliitguy/Model-X"
[ 2025-12-10 03:20:25,543 ] 107 dagshub - INFO - Repository sliitguy/Model-X initialized!
[ 2025-12-10 03:20:27,820 ] 105 root - INFO - Fitting Bidirectional LSTM model with callbacks
[ 2025-12-10 03:25:00,322 ] 124 root - INFO - DEBUG - y_test_actual sample (first 5): [157.2440033  157.43649292 161.06300354 156.25       159.96000671]
[ 2025-12-10 03:25:00,323 ] 125 root - INFO - DEBUG - test_predict sample (first 5): [155.7033  156.29779 156.90875 157.90933 158.31001]
[ 2025-12-10 03:25:00,323 ] 126 root - INFO - DEBUG - y_test_actual range: min=81.81999969482422, max=254.0
[ 2025-12-10 03:25:00,323 ] 127 root - INFO - DEBUG - test_predict range: min=85.92376708984375, max=239.19664001464844
[ 2025-12-10 03:25:00,326 ] 136 root - INFO - Test RMSE: 6.170204598106054, MAE: 4.654268298386614, R2: 0.97483092986941, MAPE: 0.030248949663438263
[ 2025-12-10 03:25:06,195 ] 83 absl - WARNING - You are saving your model as an HDF5 file via `model.save()` or `keras.saving.save_model(model)`. This file format is considered legacy. We recommend using instead the native Keras format, e.g. `model.save('my_model.keras')` or `keras.saving.save_model(model, 'my_model.keras')`. 
[ 2025-12-10 03:25:25,978 ] 188 root - INFO - Saving trained model
[ 2025-12-10 03:25:25,978 ] 46 root - INFO - Entered the save_object method of MainUtils class
[ 2025-12-10 03:25:26,083 ] 50 root - INFO - Exited the save_object method of MainUtils class
[ 2025-12-10 03:25:26,085 ] 219 root - INFO - Model Trainer Artifact: ModelTrainerArtifact(trained_model_file_path='Artifacts\\12_10_2025_03_04_56\\model_trainer\\trained_model\\model.pkl', train_metric_artifact=None, test_metric_artifact=RegressionMetricArtifact(rmse=np.float64(6.170204598106054), mae=4.654268298386614, r2_score=0.97483092986941, mape=0.030248949663438263))
[ 2025-12-10 03:25:26,085 ] 69 root - INFO - [AMZN] \u2713 Model training completed
[ 2025-12-10 03:25:26,085 ] 78 root - INFO - [AMZN] \u2713 Pipeline completed successfully!
[ 2025-12-10 03:25:26,085 ] 36 root - INFO - 
============================================================
[ 2025-12-10 03:25:26,085 ] 37 root - INFO - Training model for: META
[ 2025-12-10 03:25:26,085 ] 38 root - INFO - ============================================================
[ 2025-12-10 03:25:26,086 ] 45 root - INFO - DataIngestion initialized for stock: META (META)
[ 2025-12-10 03:25:26,086 ] 43 root - INFO - [META] Starting data ingestion...
[ 2025-12-10 03:25:26,086 ] 60 root - INFO - Downloading META (META) from 2000-01-01 to 2025-12-10
[ 2025-12-10 03:25:29,334 ] 66 root - INFO - Flattened multi-level columns from yfinance
[ 2025-12-10 03:25:29,343 ] 86 root - INFO - \u2713 Downloaded 3410 rows for META
[ 2025-12-10 03:25:29,374 ] 111 root - INFO - Performed train test split on the dataframe
[ 2025-12-10 03:25:29,375 ] 113 root - INFO - Exited split_data_as_train_test method of Data_Ingestion class
[ 2025-12-10 03:25:29,375 ] 121 root - INFO - Exporting train and test file path.
[ 2025-12-10 03:25:29,406 ] 130 root - INFO - Exported train and test file path.
[ 2025-12-10 03:25:29,407 ] 45 root - INFO - [META] \u2713 Data ingestion completed
[ 2025-12-10 03:25:29,408 ] 50 root - INFO - [META] Starting data validation...
[ 2025-12-10 03:25:29,657 ] 32 root - INFO - Required number of columns:6
[ 2025-12-10 03:25:29,658 ] 33 root - INFO - Data frame has columns:8
[ 2025-12-10 03:25:29,658 ] 32 root - INFO - Required number of columns:6
[ 2025-12-10 03:25:29,658 ] 33 root - INFO - Data frame has columns:8
[ 2025-12-10 03:25:29,756 ] 52 root - INFO - [META] \u2713 Data validation completed
[ 2025-12-10 03:25:29,757 ] 57 root - INFO - [META] Starting data transformation...
[ 2025-12-10 03:25:29,757 ] 50 root - INFO - Entered initiate_data_transformation method of DataTransformation class
[ 2025-12-10 03:25:29,770 ] 58 root - INFO - Read train and test data completed. Train shape: (2728, 8), Test shape: (682, 8)
[ 2025-12-10 03:25:29,775 ] 85 root - INFO - Sorted combined data by Date column
[ 2025-12-10 03:25:29,776 ] 99 root - INFO - Combined data shape: (3410, 8), Train portion: 2728 rows (80%)
[ 2025-12-10 03:25:29,776 ] 103 root - INFO - Applying MinMaxScaler on combined data
[ 2025-12-10 03:25:29,777 ] 111 root - INFO - Creating sequences with time_step=60
[ 2025-12-10 03:25:29,781 ] 134 root - INFO - Train sequences shape: (2667, 60, 1), Train labels shape: (2667,)
[ 2025-12-10 03:25:29,781 ] 135 root - INFO - Test sequences shape: (682, 60, 1), Test labels shape: (682,)
[ 2025-12-10 03:25:29,782 ] 46 root - INFO - Entered the save_object method of MainUtils class
[ 2025-12-10 03:25:29,783 ] 50 root - INFO - Exited the save_object method of MainUtils class
[ 2025-12-10 03:25:29,783 ] 46 root - INFO - Entered the save_object method of MainUtils class
[ 2025-12-10 03:25:29,786 ] 50 root - INFO - Exited the save_object method of MainUtils class
[ 2025-12-10 03:25:29,786 ] 46 root - INFO - Entered the save_object method of MainUtils class
[ 2025-12-10 03:25:29,788 ] 50 root - INFO - Exited the save_object method of MainUtils class
[ 2025-12-10 03:25:29,788 ] 161 root - INFO - Data transformation artifact: DataTransformationArtifact(transformed_object_file_path='Artifacts\\12_10_2025_03_04_56\\data_transformation\\transformed_object\\preprocessing.pkl', transformed_train_file_path='Artifacts\\12_10_2025_03_04_56\\data_transformation\\transformed\\train.npy', transformed_test_file_path='Artifacts\\12_10_2025_03_04_56\\data_transformation\\transformed\\test.npy')
[ 2025-12-10 03:25:29,788 ] 59 root - INFO - [META] \u2713 Data transformation completed
[ 2025-12-10 03:25:29,789 ] 67 root - INFO - [META] Starting model training...
[ 2025-12-10 03:25:29,789 ] 166 root - INFO - Entered initiate_model_trainer
[ 2025-12-10 03:25:29,789 ] 171 root - INFO - Loading transformed data from Artifacts\12_10_2025_03_04_56\data_transformation\transformed\train.npy and Artifacts\12_10_2025_03_04_56\data_transformation\transformed\test.npy
[ 2025-12-10 03:25:29,824 ] 179 root - INFO - Loaded train data shapes: X=(2667, 60, 1), y=(2667,)
[ 2025-12-10 03:25:29,841 ] 184 root - INFO - Loaded scaler from Artifacts\12_10_2025_03_04_56\data_transformation\transformed_object\preprocessing.pkl
[ 2025-12-10 03:25:31,403 ] 1025 httpx - INFO - HTTP Request: GET https://dagshub.com/api/v1/repos/sliitguy/Model-X "HTTP/1.1 200 OK"
[ 2025-12-10 03:25:31,406 ] 107 dagshub - INFO - Initialized MLflow to track repo "sliitguy/Model-X"
[ 2025-12-10 03:25:31,407 ] 107 dagshub - INFO - Repository sliitguy/Model-X initialized!
[ 2025-12-10 03:25:33,578 ] 105 root - INFO - Fitting Bidirectional LSTM model with callbacks
[ 2025-12-10 03:27:53,356 ] 124 root - INFO - DEBUG - y_test_actual sample (first 5): [198.58576965 203.02839661 204.74780273 201.59721375 199.45045471]
[ 2025-12-10 03:27:53,356 ] 125 root - INFO - DEBUG - test_predict sample (first 5): [200.12401 201.75238 203.61528 205.46906 206.72899]
[ 2025-12-10 03:27:53,356 ] 126 root - INFO - DEBUG - y_test_actual range: min=198.5857696533203, max=789.4671630859376
[ 2025-12-10 03:27:53,356 ] 127 root - INFO - DEBUG - test_predict range: min=200.12400817871094, max=770.27197265625
[ 2025-12-10 03:27:53,359 ] 136 root - INFO - Test RMSE: 21.6844762871226, MAE: 15.759232887424682, R2: 0.9823631327137267, MAPE: 0.03206970655739414
[ 2025-12-10 03:28:00,273 ] 83 absl - WARNING - You are saving your model as an HDF5 file via `model.save()` or `keras.saving.save_model(model)`. This file format is considered legacy. We recommend using instead the native Keras format, e.g. `model.save('my_model.keras')` or `keras.saving.save_model(model, 'my_model.keras')`. 
[ 2025-12-10 03:28:22,943 ] 188 root - INFO - Saving trained model
[ 2025-12-10 03:28:22,944 ] 46 root - INFO - Entered the save_object method of MainUtils class
[ 2025-12-10 03:28:23,044 ] 50 root - INFO - Exited the save_object method of MainUtils class
[ 2025-12-10 03:28:23,046 ] 219 root - INFO - Model Trainer Artifact: ModelTrainerArtifact(trained_model_file_path='Artifacts\\12_10_2025_03_04_56\\model_trainer\\trained_model\\model.pkl', train_metric_artifact=None, test_metric_artifact=RegressionMetricArtifact(rmse=np.float64(21.6844762871226), mae=15.759232887424682, r2_score=0.9823631327137267, mape=0.03206970655739414))
[ 2025-12-10 03:28:23,046 ] 69 root - INFO - [META] \u2713 Model training completed
[ 2025-12-10 03:28:23,047 ] 78 root - INFO - [META] \u2713 Pipeline completed successfully!
[ 2025-12-10 03:28:23,047 ] 36 root - INFO - 
============================================================
[ 2025-12-10 03:28:23,047 ] 37 root - INFO - Training model for: NVDA
[ 2025-12-10 03:28:23,047 ] 38 root - INFO - ============================================================
[ 2025-12-10 03:28:23,047 ] 45 root - INFO - DataIngestion initialized for stock: NVDA (NVDA)
[ 2025-12-10 03:28:23,047 ] 43 root - INFO - [NVDA] Starting data ingestion...
[ 2025-12-10 03:28:23,047 ] 60 root - INFO - Downloading NVDA (NVDA) from 2000-01-01 to 2025-12-10
[ 2025-12-10 03:28:27,187 ] 66 root - INFO - Flattened multi-level columns from yfinance
[ 2025-12-10 03:28:27,200 ] 86 root - INFO - \u2713 Downloaded 6524 rows for NVDA
[ 2025-12-10 03:28:27,254 ] 111 root - INFO - Performed train test split on the dataframe
[ 2025-12-10 03:28:27,254 ] 113 root - INFO - Exited split_data_as_train_test method of Data_Ingestion class
[ 2025-12-10 03:28:27,254 ] 121 root - INFO - Exporting train and test file path.
[ 2025-12-10 03:28:27,309 ] 130 root - INFO - Exported train and test file path.
[ 2025-12-10 03:28:27,309 ] 45 root - INFO - [NVDA] \u2713 Data ingestion completed
[ 2025-12-10 03:28:27,312 ] 50 root - INFO - [NVDA] Starting data validation...
[ 2025-12-10 03:28:27,396 ] 32 root - INFO - Required number of columns:6
[ 2025-12-10 03:28:27,397 ] 33 root - INFO - Data frame has columns:8
[ 2025-12-10 03:28:27,397 ] 32 root - INFO - Required number of columns:6
[ 2025-12-10 03:28:27,397 ] 33 root - INFO - Data frame has columns:8
[ 2025-12-10 03:28:27,659 ] 52 root - INFO - [NVDA] \u2713 Data validation completed
[ 2025-12-10 03:28:27,659 ] 57 root - INFO - [NVDA] Starting data transformation...
[ 2025-12-10 03:28:27,659 ] 50 root - INFO - Entered initiate_data_transformation method of DataTransformation class
[ 2025-12-10 03:28:27,679 ] 58 root - INFO - Read train and test data completed. Train shape: (5219, 8), Test shape: (1305, 8)
[ 2025-12-10 03:28:27,686 ] 85 root - INFO - Sorted combined data by Date column
[ 2025-12-10 03:28:27,687 ] 99 root - INFO - Combined data shape: (6524, 8), Train portion: 5219 rows (80%)
[ 2025-12-10 03:28:27,687 ] 103 root - INFO - Applying MinMaxScaler on combined data
[ 2025-12-10 03:28:27,688 ] 111 root - INFO - Creating sequences with time_step=60
[ 2025-12-10 03:28:27,694 ] 134 root - INFO - Train sequences shape: (5158, 60, 1), Train labels shape: (5158,)
[ 2025-12-10 03:28:27,695 ] 135 root - INFO - Test sequences shape: (1305, 60, 1), Test labels shape: (1305,)
[ 2025-12-10 03:28:27,695 ] 46 root - INFO - Entered the save_object method of MainUtils class
[ 2025-12-10 03:28:27,696 ] 50 root - INFO - Exited the save_object method of MainUtils class
[ 2025-12-10 03:28:27,696 ] 46 root - INFO - Entered the save_object method of MainUtils class
[ 2025-12-10 03:28:27,700 ] 50 root - INFO - Exited the save_object method of MainUtils class
[ 2025-12-10 03:28:27,700 ] 46 root - INFO - Entered the save_object method of MainUtils class
[ 2025-12-10 03:28:27,702 ] 50 root - INFO - Exited the save_object method of MainUtils class
[ 2025-12-10 03:28:27,702 ] 161 root - INFO - Data transformation artifact: DataTransformationArtifact(transformed_object_file_path='Artifacts\\12_10_2025_03_04_56\\data_transformation\\transformed_object\\preprocessing.pkl', transformed_train_file_path='Artifacts\\12_10_2025_03_04_56\\data_transformation\\transformed\\train.npy', transformed_test_file_path='Artifacts\\12_10_2025_03_04_56\\data_transformation\\transformed\\test.npy')
[ 2025-12-10 03:28:27,703 ] 59 root - INFO - [NVDA] \u2713 Data transformation completed
[ 2025-12-10 03:28:27,703 ] 67 root - INFO - [NVDA] Starting model training...
[ 2025-12-10 03:28:27,703 ] 166 root - INFO - Entered initiate_model_trainer
[ 2025-12-10 03:28:27,703 ] 171 root - INFO - Loading transformed data from Artifacts\12_10_2025_03_04_56\data_transformation\transformed\train.npy and Artifacts\12_10_2025_03_04_56\data_transformation\transformed\test.npy
[ 2025-12-10 03:28:27,742 ] 179 root - INFO - Loaded train data shapes: X=(5158, 60, 1), y=(5158,)
[ 2025-12-10 03:28:27,761 ] 184 root - INFO - Loaded scaler from Artifacts\12_10_2025_03_04_56\data_transformation\transformed_object\preprocessing.pkl
[ 2025-12-10 03:28:29,329 ] 1025 httpx - INFO - HTTP Request: GET https://dagshub.com/api/v1/repos/sliitguy/Model-X "HTTP/1.1 200 OK"
[ 2025-12-10 03:28:29,333 ] 107 dagshub - INFO - Initialized MLflow to track repo "sliitguy/Model-X"
[ 2025-12-10 03:28:29,334 ] 107 dagshub - INFO - Repository sliitguy/Model-X initialized!
[ 2025-12-10 03:28:32,968 ] 105 root - INFO - Fitting Bidirectional LSTM model with callbacks
[ 2025-12-10 03:33:32,768 ] 124 root - INFO - DEBUG - y_test_actual sample (first 5): [13.18476582 13.48856926 13.57231236 13.02177238 13.60022545]
[ 2025-12-10 03:33:32,768 ] 125 root - INFO - DEBUG - test_predict sample (first 5): [12.830325 12.937299 13.085356 13.240639 13.309829]
[ 2025-12-10 03:33:32,768 ] 126 root - INFO - DEBUG - y_test_actual range: min=11.212903022766112, max=207.02847290039065
[ 2025-12-10 03:33:32,768 ] 127 root - INFO - DEBUG - test_predict range: min=12.140399932861328, max=190.7220001220703
[ 2025-12-10 03:33:32,771 ] 136 root - INFO - Test RMSE: 4.270255718042445, MAE: 2.6349130630493165, R2: 0.99419376244412, MAPE: 0.04655043115308266
[ 2025-12-10 03:33:40,289 ] 83 absl - WARNING - You are saving your model as an HDF5 file via `model.save()` or `keras.saving.save_model(model)`. This file format is considered legacy. We recommend using instead the native Keras format, e.g. `model.save('my_model.keras')` or `keras.saving.save_model(model, 'my_model.keras')`. 
[ 2025-12-10 03:34:00,527 ] 188 root - INFO - Saving trained model
[ 2025-12-10 03:34:00,527 ] 46 root - INFO - Entered the save_object method of MainUtils class
[ 2025-12-10 03:34:00,667 ] 50 root - INFO - Exited the save_object method of MainUtils class
[ 2025-12-10 03:34:00,670 ] 219 root - INFO - Model Trainer Artifact: ModelTrainerArtifact(trained_model_file_path='Artifacts\\12_10_2025_03_04_56\\model_trainer\\trained_model\\model.pkl', train_metric_artifact=None, test_metric_artifact=RegressionMetricArtifact(rmse=np.float64(4.270255718042445), mae=2.6349130630493165, r2_score=0.99419376244412, mape=0.04655043115308266))
[ 2025-12-10 03:34:00,670 ] 69 root - INFO - [NVDA] \u2713 Model training completed
[ 2025-12-10 03:34:00,671 ] 78 root - INFO - [NVDA] \u2713 Pipeline completed successfully!
[ 2025-12-10 03:34:00,671 ] 36 root - INFO - 
============================================================
[ 2025-12-10 03:34:00,671 ] 37 root - INFO - Training model for: TSLA
[ 2025-12-10 03:34:00,671 ] 38 root - INFO - ============================================================
[ 2025-12-10 03:34:00,671 ] 45 root - INFO - DataIngestion initialized for stock: TSLA (TSLA)
[ 2025-12-10 03:34:00,671 ] 43 root - INFO - [TSLA] Starting data ingestion...
[ 2025-12-10 03:34:00,671 ] 60 root - INFO - Downloading TSLA (TSLA) from 2000-01-01 to 2025-12-10
[ 2025-12-10 03:34:01,812 ] 66 root - INFO - Flattened multi-level columns from yfinance
[ 2025-12-10 03:34:01,961 ] 86 root - INFO - \u2713 Downloaded 3887 rows for TSLA
[ 2025-12-10 03:34:01,996 ] 111 root - INFO - Performed train test split on the dataframe
[ 2025-12-10 03:34:01,996 ] 113 root - INFO - Exited split_data_as_train_test method of Data_Ingestion class
[ 2025-12-10 03:34:01,997 ] 121 root - INFO - Exporting train and test file path.
[ 2025-12-10 03:34:02,030 ] 130 root - INFO - Exported train and test file path.
[ 2025-12-10 03:34:02,030 ] 45 root - INFO - [TSLA] \u2713 Data ingestion completed
[ 2025-12-10 03:34:02,032 ] 50 root - INFO - [TSLA] Starting data validation...
[ 2025-12-10 03:34:02,168 ] 32 root - INFO - Required number of columns:6
[ 2025-12-10 03:34:02,169 ] 33 root - INFO - Data frame has columns:8
[ 2025-12-10 03:34:02,169 ] 32 root - INFO - Required number of columns:6
[ 2025-12-10 03:34:02,169 ] 33 root - INFO - Data frame has columns:8
[ 2025-12-10 03:34:02,331 ] 52 root - INFO - [TSLA] \u2713 Data validation completed
[ 2025-12-10 03:34:02,331 ] 57 root - INFO - [TSLA] Starting data transformation...
[ 2025-12-10 03:34:02,331 ] 50 root - INFO - Entered initiate_data_transformation method of DataTransformation class
[ 2025-12-10 03:34:02,344 ] 58 root - INFO - Read train and test data completed. Train shape: (3109, 8), Test shape: (778, 8)
[ 2025-12-10 03:34:02,351 ] 85 root - INFO - Sorted combined data by Date column
[ 2025-12-10 03:34:02,351 ] 99 root - INFO - Combined data shape: (3887, 8), Train portion: 3109 rows (80%)
[ 2025-12-10 03:34:02,352 ] 103 root - INFO - Applying MinMaxScaler on combined data
[ 2025-12-10 03:34:02,352 ] 111 root - INFO - Creating sequences with time_step=60
[ 2025-12-10 03:34:02,356 ] 134 root - INFO - Train sequences shape: (3048, 60, 1), Train labels shape: (3048,)
[ 2025-12-10 03:34:02,356 ] 135 root - INFO - Test sequences shape: (778, 60, 1), Test labels shape: (778,)
[ 2025-12-10 03:34:02,356 ] 46 root - INFO - Entered the save_object method of MainUtils class
[ 2025-12-10 03:34:02,357 ] 50 root - INFO - Exited the save_object method of MainUtils class
[ 2025-12-10 03:34:02,357 ] 46 root - INFO - Entered the save_object method of MainUtils class
[ 2025-12-10 03:34:02,361 ] 50 root - INFO - Exited the save_object method of MainUtils class
[ 2025-12-10 03:34:02,361 ] 46 root - INFO - Entered the save_object method of MainUtils class
[ 2025-12-10 03:34:02,363 ] 50 root - INFO - Exited the save_object method of MainUtils class
[ 2025-12-10 03:34:02,363 ] 161 root - INFO - Data transformation artifact: DataTransformationArtifact(transformed_object_file_path='Artifacts\\12_10_2025_03_04_56\\data_transformation\\transformed_object\\preprocessing.pkl', transformed_train_file_path='Artifacts\\12_10_2025_03_04_56\\data_transformation\\transformed\\train.npy', transformed_test_file_path='Artifacts\\12_10_2025_03_04_56\\data_transformation\\transformed\\test.npy')
[ 2025-12-10 03:34:02,364 ] 59 root - INFO - [TSLA] \u2713 Data transformation completed
[ 2025-12-10 03:34:02,364 ] 67 root - INFO - [TSLA] Starting model training...
[ 2025-12-10 03:34:02,364 ] 166 root - INFO - Entered initiate_model_trainer
[ 2025-12-10 03:34:02,364 ] 171 root - INFO - Loading transformed data from Artifacts\12_10_2025_03_04_56\data_transformation\transformed\train.npy and Artifacts\12_10_2025_03_04_56\data_transformation\transformed\test.npy
[ 2025-12-10 03:34:02,399 ] 179 root - INFO - Loaded train data shapes: X=(3048, 60, 1), y=(3048,)
[ 2025-12-10 03:34:02,426 ] 184 root - INFO - Loaded scaler from Artifacts\12_10_2025_03_04_56\data_transformation\transformed_object\preprocessing.pkl
[ 2025-12-10 03:34:04,230 ] 1025 httpx - INFO - HTTP Request: GET https://dagshub.com/api/v1/repos/sliitguy/Model-X "HTTP/1.1 200 OK"
[ 2025-12-10 03:34:04,233 ] 107 dagshub - INFO - Initialized MLflow to track repo "sliitguy/Model-X"
[ 2025-12-10 03:34:04,234 ] 107 dagshub - INFO - Repository sliitguy/Model-X initialized!
[ 2025-12-10 03:34:06,404 ] 105 root - INFO - Fitting Bidirectional LSTM model with callbacks
[ 2025-12-10 03:36:51,493 ] 124 root - INFO - DEBUG - y_test_actual sample (first 5): [227.82000732 214.97999573 215.30999756 207.47000122 197.08000183]
[ 2025-12-10 03:36:51,493 ] 125 root - INFO - DEBUG - test_predict sample (first 5): [233.08705 234.51169 233.4844  232.2235  229.62933]
[ 2025-12-10 03:36:51,494 ] 126 root - INFO - DEBUG - y_test_actual range: min=108.0999984741211, max=479.85998535156256
[ 2025-12-10 03:36:51,494 ] 127 root - INFO - DEBUG - test_predict range: min=122.2182388305664, max=429.28289794921875
[ 2025-12-10 03:36:51,496 ] 136 root - INFO - Test RMSE: 19.088214986510746, MAE: 14.988875970129488, R2: 0.9493785101414148, MAPE: 0.062057200232007
[ 2025-12-10 03:36:57,993 ] 83 absl - WARNING - You are saving your model as an HDF5 file via `model.save()` or `keras.saving.save_model(model)`. This file format is considered legacy. We recommend using instead the native Keras format, e.g. `model.save('my_model.keras')` or `keras.saving.save_model(model, 'my_model.keras')`. 
[ 2025-12-10 03:37:21,268 ] 188 root - INFO - Saving trained model
[ 2025-12-10 03:37:21,269 ] 46 root - INFO - Entered the save_object method of MainUtils class
[ 2025-12-10 03:37:21,412 ] 50 root - INFO - Exited the save_object method of MainUtils class
[ 2025-12-10 03:37:21,416 ] 219 root - INFO - Model Trainer Artifact: ModelTrainerArtifact(trained_model_file_path='Artifacts\\12_10_2025_03_04_56\\model_trainer\\trained_model\\model.pkl', train_metric_artifact=None, test_metric_artifact=RegressionMetricArtifact(rmse=np.float64(19.088214986510746), mae=14.988875970129488, r2_score=0.9493785101414148, mape=0.062057200232007))
[ 2025-12-10 03:37:21,416 ] 69 root - INFO - [TSLA] \u2713 Model training completed
[ 2025-12-10 03:37:21,416 ] 78 root - INFO - [TSLA] \u2713 Pipeline completed successfully!
[ 2025-12-10 03:37:21,417 ] 36 root - INFO - 
============================================================
[ 2025-12-10 03:37:21,417 ] 37 root - INFO - Training model for: JPM
[ 2025-12-10 03:37:21,417 ] 38 root - INFO - ============================================================
[ 2025-12-10 03:37:21,417 ] 45 root - INFO - DataIngestion initialized for stock: JPM (JPM)
[ 2025-12-10 03:37:21,417 ] 43 root - INFO - [JPM] Starting data ingestion...
[ 2025-12-10 03:37:21,417 ] 60 root - INFO - Downloading JPM (JPM) from 2000-01-01 to 2025-12-10
[ 2025-12-10 03:37:32,820 ] 185 yfinance - ERROR - 
1 Failed download:
[ 2025-12-10 03:37:32,820 ] 198 yfinance - ERROR - ['JPM']: Timeout('Failed to perform, curl: (28) Operation timed out after 10012 milliseconds with 120784 bytes received. See https://curl.se/libcurl/c/libcurl-errors.html first for more details.')
[ 2025-12-10 03:37:32,825 ] 66 root - INFO - Flattened multi-level columns from yfinance
[ 2025-12-10 03:37:32,826 ] 81 root - ERROR - [JPM] \u2717 Pipeline failed: Error occured in python script name [C:\Users\LENOVO\Desktop\ModelX-Ultimate\models\stock-price-prediction\src\components\data_ingestion.py] line number [139] error message [Error occured in python script name [C:\Users\LENOVO\Desktop\ModelX-Ultimate\models\stock-price-prediction\src\components\data_ingestion.py] line number [70] error message [No data returned from yfinance for JPM (JPM). Check ticker symbol.]]
[ 2025-12-10 03:37:32,826 ] 36 root - INFO - 
============================================================
[ 2025-12-10 03:37:32,826 ] 37 root - INFO - Training model for: V
[ 2025-12-10 03:37:32,827 ] 38 root - INFO - ============================================================
[ 2025-12-10 03:37:32,827 ] 45 root - INFO - DataIngestion initialized for stock: V (V)
[ 2025-12-10 03:37:32,827 ] 43 root - INFO - [V] Starting data ingestion...
[ 2025-12-10 03:37:32,827 ] 60 root - INFO - Downloading V (V) from 2000-01-01 to 2025-12-10
[ 2025-12-10 03:37:44,645 ] 66 root - INFO - Flattened multi-level columns from yfinance
[ 2025-12-10 03:37:44,657 ] 86 root - INFO - \u2713 Downloaded 4461 rows for V
[ 2025-12-10 03:37:44,701 ] 111 root - INFO - Performed train test split on the dataframe
[ 2025-12-10 03:37:44,701 ] 113 root - INFO - Exited split_data_as_train_test method of Data_Ingestion class
[ 2025-12-10 03:37:44,702 ] 121 root - INFO - Exporting train and test file path.
[ 2025-12-10 03:37:44,743 ] 130 root - INFO - Exported train and test file path.
[ 2025-12-10 03:37:44,743 ] 45 root - INFO - [V] \u2713 Data ingestion completed
[ 2025-12-10 03:37:44,745 ] 50 root - INFO - [V] Starting data validation...
[ 2025-12-10 03:37:44,806 ] 32 root - INFO - Required number of columns:6
[ 2025-12-10 03:37:44,806 ] 33 root - INFO - Data frame has columns:8
[ 2025-12-10 03:37:44,806 ] 32 root - INFO - Required number of columns:6
[ 2025-12-10 03:37:44,806 ] 33 root - INFO - Data frame has columns:8
[ 2025-12-10 03:37:44,969 ] 52 root - INFO - [V] \u2713 Data validation completed
[ 2025-12-10 03:37:44,970 ] 57 root - INFO - [V] Starting data transformation...
[ 2025-12-10 03:37:44,970 ] 50 root - INFO - Entered initiate_data_transformation method of DataTransformation class
[ 2025-12-10 03:37:44,985 ] 58 root - INFO - Read train and test data completed. Train shape: (3568, 8), Test shape: (893, 8)
[ 2025-12-10 03:37:45,021 ] 85 root - INFO - Sorted combined data by Date column
[ 2025-12-10 03:37:45,022 ] 99 root - INFO - Combined data shape: (4461, 8), Train portion: 3568 rows (80%)
[ 2025-12-10 03:37:45,023 ] 103 root - INFO - Applying MinMaxScaler on combined data
[ 2025-12-10 03:37:45,026 ] 111 root - INFO - Creating sequences with time_step=60
[ 2025-12-10 03:37:45,040 ] 134 root - INFO - Train sequences shape: (3507, 60, 1), Train labels shape: (3507,)
[ 2025-12-10 03:37:45,040 ] 135 root - INFO - Test sequences shape: (893, 60, 1), Test labels shape: (893,)
[ 2025-12-10 03:37:45,040 ] 46 root - INFO - Entered the save_object method of MainUtils class
[ 2025-12-10 03:37:45,053 ] 50 root - INFO - Exited the save_object method of MainUtils class
[ 2025-12-10 03:37:45,053 ] 46 root - INFO - Entered the save_object method of MainUtils class
[ 2025-12-10 03:37:45,068 ] 50 root - INFO - Exited the save_object method of MainUtils class
[ 2025-12-10 03:37:45,069 ] 46 root - INFO - Entered the save_object method of MainUtils class
[ 2025-12-10 03:37:45,073 ] 50 root - INFO - Exited the save_object method of MainUtils class
[ 2025-12-10 03:37:45,073 ] 161 root - INFO - Data transformation artifact: DataTransformationArtifact(transformed_object_file_path='Artifacts\\12_10_2025_03_04_56\\data_transformation\\transformed_object\\preprocessing.pkl', transformed_train_file_path='Artifacts\\12_10_2025_03_04_56\\data_transformation\\transformed\\train.npy', transformed_test_file_path='Artifacts\\12_10_2025_03_04_56\\data_transformation\\transformed\\test.npy')
[ 2025-12-10 03:37:45,074 ] 59 root - INFO - [V] \u2713 Data transformation completed
[ 2025-12-10 03:37:45,074 ] 67 root - INFO - [V] Starting model training...
[ 2025-12-10 03:37:45,074 ] 166 root - INFO - Entered initiate_model_trainer
[ 2025-12-10 03:37:45,074 ] 171 root - INFO - Loading transformed data from Artifacts\12_10_2025_03_04_56\data_transformation\transformed\train.npy and Artifacts\12_10_2025_03_04_56\data_transformation\transformed\test.npy
[ 2025-12-10 03:37:45,123 ] 179 root - INFO - Loaded train data shapes: X=(3507, 60, 1), y=(3507,)
[ 2025-12-10 03:37:45,143 ] 184 root - INFO - Loaded scaler from Artifacts\12_10_2025_03_04_56\data_transformation\transformed_object\preprocessing.pkl
[ 2025-12-10 03:37:47,036 ] 1025 httpx - INFO - HTTP Request: GET https://dagshub.com/api/v1/repos/sliitguy/Model-X "HTTP/1.1 200 OK"
[ 2025-12-10 03:37:47,040 ] 107 dagshub - INFO - Initialized MLflow to track repo "sliitguy/Model-X"
[ 2025-12-10 03:37:47,051 ] 107 dagshub - INFO - Repository sliitguy/Model-X initialized!
[ 2025-12-10 03:37:49,802 ] 105 root - INFO - Fitting Bidirectional LSTM model with callbacks
[ 2025-12-10 03:41:37,861 ] 124 root - INFO - DEBUG - y_test_actual sample (first 5): [194.73959351 192.18836975 193.80480957 202.11087036 197.31028748]
[ 2025-12-10 03:41:37,861 ] 125 root - INFO - DEBUG - test_predict sample (first 5): [196.71042 196.63193 196.2977  196.17574 197.12671]
[ 2025-12-10 03:41:37,861 ] 126 root - INFO - DEBUG - y_test_actual range: min=173.29249572753906, max=371.9176025390625
[ 2025-12-10 03:41:37,861 ] 127 root - INFO - DEBUG - test_predict range: min=180.00672912597656, max=355.3327941894531
[ 2025-12-10 03:41:37,863 ] 136 root - INFO - Test RMSE: 7.212001011103248, MAE: 5.416507921720798, R2: 0.9820402921657122, MAPE: 0.019637254020499893
[ 2025-12-10 03:41:46,997 ] 83 absl - WARNING - You are saving your model as an HDF5 file via `model.save()` or `keras.saving.save_model(model)`. This file format is considered legacy. We recommend using instead the native Keras format, e.g. `model.save('my_model.keras')` or `keras.saving.save_model(model, 'my_model.keras')`. 
[ 2025-12-10 03:42:07,967 ] 188 root - INFO - Saving trained model
[ 2025-12-10 03:42:07,967 ] 46 root - INFO - Entered the save_object method of MainUtils class
[ 2025-12-10 03:42:08,045 ] 50 root - INFO - Exited the save_object method of MainUtils class
[ 2025-12-10 03:42:08,048 ] 219 root - INFO - Model Trainer Artifact: ModelTrainerArtifact(trained_model_file_path='Artifacts\\12_10_2025_03_04_56\\model_trainer\\trained_model\\model.pkl', train_metric_artifact=None, test_metric_artifact=RegressionMetricArtifact(rmse=np.float64(7.212001011103248), mae=5.416507921720798, r2_score=0.9820402921657122, mape=0.019637254020499893))
[ 2025-12-10 03:42:08,048 ] 69 root - INFO - [V] \u2713 Model training completed
[ 2025-12-10 03:42:08,048 ] 78 root - INFO - [V] \u2713 Pipeline completed successfully!
[ 2025-12-10 03:42:08,048 ] 36 root - INFO - 
============================================================
[ 2025-12-10 03:42:08,048 ] 37 root - INFO - Training model for: JNJ
[ 2025-12-10 03:42:08,048 ] 38 root - INFO - ============================================================
[ 2025-12-10 03:42:08,048 ] 45 root - INFO - DataIngestion initialized for stock: JNJ (JNJ)
[ 2025-12-10 03:42:08,048 ] 43 root - INFO - [JNJ] Starting data ingestion...
[ 2025-12-10 03:42:08,049 ] 60 root - INFO - Downloading JNJ (JNJ) from 2000-01-01 to 2025-12-10
[ 2025-12-10 03:42:09,578 ] 66 root - INFO - Flattened multi-level columns from yfinance
[ 2025-12-10 03:42:09,588 ] 86 root - INFO - \u2713 Downloaded 6524 rows for JNJ
[ 2025-12-10 03:42:09,637 ] 111 root - INFO - Performed train test split on the dataframe
[ 2025-12-10 03:42:09,637 ] 113 root - INFO - Exited split_data_as_train_test method of Data_Ingestion class
[ 2025-12-10 03:42:09,638 ] 121 root - INFO - Exporting train and test file path.
[ 2025-12-10 03:42:09,685 ] 130 root - INFO - Exported train and test file path.
[ 2025-12-10 03:42:09,686 ] 45 root - INFO - [JNJ] \u2713 Data ingestion completed
[ 2025-12-10 03:42:09,687 ] 50 root - INFO - [JNJ] Starting data validation...
[ 2025-12-10 03:42:09,754 ] 32 root - INFO - Required number of columns:6
[ 2025-12-10 03:42:09,754 ] 33 root - INFO - Data frame has columns:8
[ 2025-12-10 03:42:09,754 ] 32 root - INFO - Required number of columns:6
[ 2025-12-10 03:42:09,754 ] 33 root - INFO - Data frame has columns:8
[ 2025-12-10 03:42:09,995 ] 52 root - INFO - [JNJ] \u2713 Data validation completed
[ 2025-12-10 03:42:09,995 ] 57 root - INFO - [JNJ] Starting data transformation...
[ 2025-12-10 03:42:09,995 ] 50 root - INFO - Entered initiate_data_transformation method of DataTransformation class
[ 2025-12-10 03:42:10,011 ] 58 root - INFO - Read train and test data completed. Train shape: (5219, 8), Test shape: (1305, 8)
[ 2025-12-10 03:42:10,020 ] 85 root - INFO - Sorted combined data by Date column
[ 2025-12-10 03:42:10,021 ] 99 root - INFO - Combined data shape: (6524, 8), Train portion: 5219 rows (80%)
[ 2025-12-10 03:42:10,021 ] 103 root - INFO - Applying MinMaxScaler on combined data
[ 2025-12-10 03:42:10,022 ] 111 root - INFO - Creating sequences with time_step=60
[ 2025-12-10 03:42:10,029 ] 134 root - INFO - Train sequences shape: (5158, 60, 1), Train labels shape: (5158,)
[ 2025-12-10 03:42:10,029 ] 135 root - INFO - Test sequences shape: (1305, 60, 1), Test labels shape: (1305,)
[ 2025-12-10 03:42:10,029 ] 46 root - INFO - Entered the save_object method of MainUtils class
[ 2025-12-10 03:42:10,032 ] 50 root - INFO - Exited the save_object method of MainUtils class
[ 2025-12-10 03:42:10,033 ] 46 root - INFO - Entered the save_object method of MainUtils class
[ 2025-12-10 03:42:10,037 ] 50 root - INFO - Exited the save_object method of MainUtils class
[ 2025-12-10 03:42:10,038 ] 46 root - INFO - Entered the save_object method of MainUtils class
[ 2025-12-10 03:42:10,041 ] 50 root - INFO - Exited the save_object method of MainUtils class
[ 2025-12-10 03:42:10,041 ] 161 root - INFO - Data transformation artifact: DataTransformationArtifact(transformed_object_file_path='Artifacts\\12_10_2025_03_04_56\\data_transformation\\transformed_object\\preprocessing.pkl', transformed_train_file_path='Artifacts\\12_10_2025_03_04_56\\data_transformation\\transformed\\train.npy', transformed_test_file_path='Artifacts\\12_10_2025_03_04_56\\data_transformation\\transformed\\test.npy')
[ 2025-12-10 03:42:10,042 ] 59 root - INFO - [JNJ] \u2713 Data transformation completed
[ 2025-12-10 03:42:10,042 ] 67 root - INFO - [JNJ] Starting model training...
[ 2025-12-10 03:42:10,042 ] 166 root - INFO - Entered initiate_model_trainer
[ 2025-12-10 03:42:10,042 ] 171 root - INFO - Loading transformed data from Artifacts\12_10_2025_03_04_56\data_transformation\transformed\train.npy and Artifacts\12_10_2025_03_04_56\data_transformation\transformed\test.npy
[ 2025-12-10 03:42:10,084 ] 179 root - INFO - Loaded train data shapes: X=(5158, 60, 1), y=(5158,)
[ 2025-12-10 03:42:10,104 ] 184 root - INFO - Loaded scaler from Artifacts\12_10_2025_03_04_56\data_transformation\transformed_object\preprocessing.pkl
[ 2025-12-10 03:42:11,593 ] 1025 httpx - INFO - HTTP Request: GET https://dagshub.com/api/v1/repos/sliitguy/Model-X "HTTP/1.1 200 OK"
[ 2025-12-10 03:42:11,596 ] 107 dagshub - INFO - Initialized MLflow to track repo "sliitguy/Model-X"
[ 2025-12-10 03:42:11,596 ] 107 dagshub - INFO - Repository sliitguy/Model-X initialized!
[ 2025-12-10 03:42:13,930 ] 105 root - INFO - Fitting Bidirectional LSTM model with callbacks
[ 2025-12-10 03:47:00,104 ] 124 root - INFO - DEBUG - y_test_actual sample (first 5): [126.70717621 128.2752533  126.93118286 126.00066376 127.71520996]
[ 2025-12-10 03:47:00,105 ] 125 root - INFO - DEBUG - test_predict sample (first 5): [124.13691 124.16942 124.41977 124.54482 124.54883]
[ 2025-12-10 03:47:00,105 ] 126 root - INFO - DEBUG - y_test_actual range: min=118.13422393798828, max=207.5599975585937
[ 2025-12-10 03:47:00,105 ] 127 root - INFO - DEBUG - test_predict range: min=118.92385864257812, max=194.06015014648438
[ 2025-12-10 03:47:00,108 ] 136 root - INFO - Test RMSE: 4.9477078789951054, MAE: 4.034457321459306, R2: 0.8446869923531378, MAPE: 0.025998711823431275
[ 2025-12-10 03:47:07,848 ] 83 absl - WARNING - You are saving your model as an HDF5 file via `model.save()` or `keras.saving.save_model(model)`. This file format is considered legacy. We recommend using instead the native Keras format, e.g. `model.save('my_model.keras')` or `keras.saving.save_model(model, 'my_model.keras')`. 
[ 2025-12-10 03:48:05,373 ] 188 root - INFO - Saving trained model
[ 2025-12-10 03:48:05,374 ] 46 root - INFO - Entered the save_object method of MainUtils class
[ 2025-12-10 03:48:05,492 ] 50 root - INFO - Exited the save_object method of MainUtils class
[ 2025-12-10 03:48:05,494 ] 219 root - INFO - Model Trainer Artifact: ModelTrainerArtifact(trained_model_file_path='Artifacts\\12_10_2025_03_04_56\\model_trainer\\trained_model\\model.pkl', train_metric_artifact=None, test_metric_artifact=RegressionMetricArtifact(rmse=np.float64(4.9477078789951054), mae=4.034457321459306, r2_score=0.8446869923531378, mape=0.025998711823431275))
[ 2025-12-10 03:48:05,494 ] 69 root - INFO - [JNJ] \u2713 Model training completed
[ 2025-12-10 03:48:05,494 ] 78 root - INFO - [JNJ] \u2713 Pipeline completed successfully!
[ 2025-12-10 03:48:05,494 ] 119 root - INFO - 
======================================================================
[ 2025-12-10 03:48:05,494 ] 120 root - INFO - TRAINING SUMMARY
[ 2025-12-10 03:48:05,494 ] 121 root - INFO - ======================================================================
[ 2025-12-10 03:48:05,495 ] 122 root - INFO - Total stocks: 10
[ 2025-12-10 03:48:05,495 ] 123 root - INFO - Successful: 9
[ 2025-12-10 03:48:05,495 ] 124 root - INFO - Failed: 1
[ 2025-12-10 03:48:05,495 ] 125 root - INFO - ----------------------------------------------------------------------
[ 2025-12-10 03:48:05,495 ] 129 root - INFO -   \u2713 AAPL: Artifacts\12_10_2025_03_04_56\model_trainer\trained_model\model.pkl
[ 2025-12-10 03:48:05,495 ] 129 root - INFO -   \u2713 GOOGL: Artifacts\12_10_2025_03_04_56\model_trainer\trained_model\model.pkl
[ 2025-12-10 03:48:05,495 ] 129 root - INFO -   \u2713 MSFT: Artifacts\12_10_2025_03_04_56\model_trainer\trained_model\model.pkl
[ 2025-12-10 03:48:05,495 ] 129 root - INFO -   \u2713 AMZN: Artifacts\12_10_2025_03_04_56\model_trainer\trained_model\model.pkl
[ 2025-12-10 03:48:05,495 ] 129 root - INFO -   \u2713 META: Artifacts\12_10_2025_03_04_56\model_trainer\trained_model\model.pkl
[ 2025-12-10 03:48:05,495 ] 129 root - INFO -   \u2713 NVDA: Artifacts\12_10_2025_03_04_56\model_trainer\trained_model\model.pkl
[ 2025-12-10 03:48:05,495 ] 129 root - INFO -   \u2713 TSLA: Artifacts\12_10_2025_03_04_56\model_trainer\trained_model\model.pkl
[ 2025-12-10 03:48:05,495 ] 131 root - INFO -   \u2717 JPM: Error occured in python script name [C:\Users\LENO
[ 2025-12-10 03:48:05,495 ] 129 root - INFO -   \u2713 V: Artifacts\12_10_2025_03_04_56\model_trainer\trained_model\model.pkl
[ 2025-12-10 03:48:05,495 ] 129 root - INFO -   \u2713 JNJ: Artifacts\12_10_2025_03_04_56\model_trainer\trained_model\model.pkl
[ 2025-12-10 03:48:05,495 ] 133 root - INFO - ======================================================================
[ 2025-12-10 03:48:05,495 ] 134 root - INFO - Completed at: 2025-12-10 03:48:05
[ 2025-12-10 03:48:05,495 ] 135 root - INFO - ======================================================================

[ 2025-12-10 03:48:05,495 ] 148 root - WARNING - 1 stocks failed to train
