[ 2025-12-10 02:23:04,646 ] 45 root - INFO - DataIngestion initialized for stock: AAPL (AAPL)
[ 2025-12-10 02:23:04,646 ] 17 root - INFO - Initiate the data ingestion
[ 2025-12-10 02:23:04,647 ] 60 root - INFO - Downloading AAPL (AAPL) from 2000-01-01 to 2025-12-10
[ 2025-12-10 02:23:10,065 ] 66 root - INFO - Flattened multi-level columns from yfinance
[ 2025-12-10 02:23:10,077 ] 86 root - INFO - \u2713 Downloaded 6524 rows for AAPL
[ 2025-12-10 02:23:10,164 ] 111 root - INFO - Performed train test split on the dataframe
[ 2025-12-10 02:23:10,165 ] 113 root - INFO - Exited split_data_as_train_test method of Data_Ingestion class
[ 2025-12-10 02:23:10,168 ] 121 root - INFO - Exporting train and test file path.
[ 2025-12-10 02:23:10,238 ] 130 root - INFO - Exported train and test file path.
[ 2025-12-10 02:23:10,239 ] 19 root - INFO - Data Initiation Completed
[ 2025-12-10 02:23:10,243 ] 24 root - INFO - Initiate the data Validation
[ 2025-12-10 02:23:10,342 ] 32 root - INFO - Required number of columns:6
[ 2025-12-10 02:23:10,342 ] 33 root - INFO - Data frame has columns:8
[ 2025-12-10 02:23:10,342 ] 32 root - INFO - Required number of columns:6
[ 2025-12-10 02:23:10,342 ] 33 root - INFO - Data frame has columns:8
[ 2025-12-10 02:23:10,643 ] 26 root - INFO - data Validation Completed
[ 2025-12-10 02:23:10,643 ] 31 root - INFO - data Transformation started
[ 2025-12-10 02:23:10,643 ] 50 root - INFO - Entered initiate_data_transformation method of DataTransformation class
[ 2025-12-10 02:23:10,663 ] 58 root - INFO - Read train and test data completed. Train shape: (5219, 8), Test shape: (1305, 8)
[ 2025-12-10 02:23:10,672 ] 85 root - INFO - Sorted combined data by Date column
[ 2025-12-10 02:23:10,672 ] 99 root - INFO - Combined data shape: (6524, 8), Train portion: 5219 rows (80%)
[ 2025-12-10 02:23:10,673 ] 103 root - INFO - Applying MinMaxScaler on combined data
[ 2025-12-10 02:23:10,675 ] 111 root - INFO - Creating sequences with time_step=60
[ 2025-12-10 02:23:10,683 ] 134 root - INFO - Train sequences shape: (5158, 60, 1), Train labels shape: (5158,)
[ 2025-12-10 02:23:10,683 ] 135 root - INFO - Test sequences shape: (1305, 60, 1), Test labels shape: (1305,)
[ 2025-12-10 02:23:10,683 ] 46 root - INFO - Entered the save_object method of MainUtils class
[ 2025-12-10 02:23:10,687 ] 50 root - INFO - Exited the save_object method of MainUtils class
[ 2025-12-10 02:23:10,687 ] 46 root - INFO - Entered the save_object method of MainUtils class
[ 2025-12-10 02:23:10,692 ] 50 root - INFO - Exited the save_object method of MainUtils class
[ 2025-12-10 02:23:10,692 ] 46 root - INFO - Entered the save_object method of MainUtils class
[ 2025-12-10 02:23:10,695 ] 50 root - INFO - Exited the save_object method of MainUtils class
[ 2025-12-10 02:23:10,695 ] 161 root - INFO - Data transformation artifact: DataTransformationArtifact(transformed_object_file_path='Artifacts\\12_10_2025_02_22_51\\data_transformation\\transformed_object\\preprocessing.pkl', transformed_train_file_path='Artifacts\\12_10_2025_02_22_51\\data_transformation\\transformed\\train.npy', transformed_test_file_path='Artifacts\\12_10_2025_02_22_51\\data_transformation\\transformed\\test.npy')
[ 2025-12-10 02:23:10,696 ] 35 root - INFO - data Transformation completed
[ 2025-12-10 02:23:10,696 ] 37 root - INFO - Model Training stared
[ 2025-12-10 02:23:10,696 ] 166 root - INFO - Entered initiate_model_trainer
[ 2025-12-10 02:23:10,696 ] 171 root - INFO - Loading transformed data from Artifacts\12_10_2025_02_22_51\data_transformation\transformed\train.npy and Artifacts\12_10_2025_02_22_51\data_transformation\transformed\test.npy
[ 2025-12-10 02:23:10,733 ] 179 root - INFO - Loaded train data shapes: X=(5158, 60, 1), y=(5158,)
[ 2025-12-10 02:23:10,750 ] 184 root - INFO - Loaded scaler from Artifacts\12_10_2025_02_22_51\data_transformation\transformed_object\preprocessing.pkl
[ 2025-12-10 02:23:12,879 ] 1025 httpx - INFO - HTTP Request: GET https://dagshub.com/api/v1/user "HTTP/1.1 200 OK"
[ 2025-12-10 02:23:12,889 ] 107 dagshub - INFO - Accessing as sliitguy
[ 2025-12-10 02:23:14,547 ] 1025 httpx - INFO - HTTP Request: GET https://dagshub.com/api/v1/repos/sliitguy/Model-X "HTTP/1.1 200 OK"
[ 2025-12-10 02:23:18,379 ] 1025 httpx - INFO - HTTP Request: GET https://dagshub.com/api/v1/user "HTTP/1.1 200 OK"
[ 2025-12-10 02:23:18,381 ] 107 dagshub - INFO - Initialized MLflow to track repo "sliitguy/Model-X"
[ 2025-12-10 02:23:18,382 ] 107 dagshub - INFO - Repository sliitguy/Model-X initialized!
[ 2025-12-10 02:23:23,353 ] 105 root - INFO - Fitting Bidirectional LSTM model with callbacks
[ 2025-12-10 02:32:57,158 ] 124 root - INFO - DEBUG - y_test_actual sample (first 5): [110.86988831 112.54135132 113.49369812 109.83009338 113.21186829]
[ 2025-12-10 02:32:57,159 ] 125 root - INFO - DEBUG - test_predict sample (first 5): [108.49872 109.02905 109.79593 110.67343 110.98771]
[ 2025-12-10 02:32:57,160 ] 126 root - INFO - DEBUG - y_test_actual range: min=105.70006561279295, max=286.19000244140625
[ 2025-12-10 02:32:57,160 ] 127 root - INFO - DEBUG - test_predict range: min=108.49871826171875, max=270.023681640625
[ 2025-12-10 02:32:57,162 ] 136 root - INFO - Test RMSE: 5.994328700437219, MAE: 4.520737694049703, R2: 0.977771747327625, MAPE: 0.02511047662966804
[ 2025-12-10 02:33:03,165 ] 83 absl - WARNING - You are saving your model as an HDF5 file via `model.save()` or `keras.saving.save_model(model)`. This file format is considered legacy. We recommend using instead the native Keras format, e.g. `model.save('my_model.keras')` or `keras.saving.save_model(model, 'my_model.keras')`. 
[ 2025-12-10 02:33:26,715 ] 188 root - INFO - Saving trained model
[ 2025-12-10 02:33:26,717 ] 46 root - INFO - Entered the save_object method of MainUtils class
[ 2025-12-10 02:33:26,814 ] 50 root - INFO - Exited the save_object method of MainUtils class
[ 2025-12-10 02:33:26,817 ] 219 root - INFO - Model Trainer Artifact: ModelTrainerArtifact(trained_model_file_path='Artifacts\\12_10_2025_02_22_51\\model_trainer\\trained_model\\model.pkl', train_metric_artifact=None, test_metric_artifact=RegressionMetricArtifact(rmse=np.float64(5.994328700437219), mae=4.520737694049703, r2_score=0.977771747327625, mape=0.02511047662966804))
[ 2025-12-10 02:33:26,817 ] 42 root - INFO - Model Training artifact created
