[ 2025-12-08 12:42:50,690 ] 17 root - INFO - Initiate the data ingestion
[ 2025-12-08 12:42:50,691 ] 35 root - INFO - Downloading stock data for COMB-N0000.CM from 2000-01-01 00:00:00 to 2025-12-08 12:42:50.691953
[ 2025-12-08 12:42:58,401 ] 42 root - INFO - Flattened multi-level columns from yfinance
[ 2025-12-08 12:42:58,411 ] 58 root - INFO - Downloaded and cleaned 4439 rows of stock data
[ 2025-12-08 12:42:58,411 ] 59 root - INFO - Columns: ['Date', 'Close', 'High', 'Low', 'Open', 'Volume']
[ 2025-12-08 12:42:58,479 ] 85 root - INFO - Performed train test split on the dataframe
[ 2025-12-08 12:42:58,481 ] 87 root - INFO - Exited split_data_as_train_test method of Data_Ingestion class
[ 2025-12-08 12:42:58,482 ] 95 root - INFO - Exporting train and test file path.
[ 2025-12-08 12:42:58,542 ] 104 root - INFO - Exported train and test file path.
[ 2025-12-08 12:42:58,543 ] 19 root - INFO - Data Initiation Completed
[ 2025-12-08 12:42:58,581 ] 24 root - INFO - Initiate the data Validation
[ 2025-12-08 12:42:58,662 ] 32 root - INFO - Required number of columns:6
[ 2025-12-08 12:42:58,662 ] 33 root - INFO - Data frame has columns:6
[ 2025-12-08 12:42:58,662 ] 32 root - INFO - Required number of columns:6
[ 2025-12-08 12:42:58,662 ] 33 root - INFO - Data frame has columns:6
[ 2025-12-08 12:42:58,801 ] 26 root - INFO - data Validation Completed
[ 2025-12-08 12:42:58,801 ] 31 root - INFO - data Transformation started
[ 2025-12-08 12:42:58,802 ] 50 root - INFO - Entered initiate_data_transformation method of DataTransformation class
[ 2025-12-08 12:42:58,820 ] 58 root - INFO - Read train and test data completed. Train shape: (3551, 6), Test shape: (888, 6)
[ 2025-12-08 12:42:58,830 ] 85 root - INFO - Sorted combined data by Date column
[ 2025-12-08 12:42:58,830 ] 99 root - INFO - Combined data shape: (4439, 6), Train portion: 3551 rows (80%)
[ 2025-12-08 12:42:58,830 ] 103 root - INFO - Applying MinMaxScaler on combined data
[ 2025-12-08 12:42:58,834 ] 111 root - INFO - Creating sequences with time_step=60
[ 2025-12-08 12:42:58,842 ] 134 root - INFO - Train sequences shape: (3490, 60, 1), Train labels shape: (3490,)
[ 2025-12-08 12:42:58,842 ] 135 root - INFO - Test sequences shape: (888, 60, 1), Test labels shape: (888,)
[ 2025-12-08 12:42:58,842 ] 46 root - INFO - Entered the save_object method of MainUtils class
[ 2025-12-08 12:42:58,846 ] 50 root - INFO - Exited the save_object method of MainUtils class
[ 2025-12-08 12:42:58,846 ] 46 root - INFO - Entered the save_object method of MainUtils class
[ 2025-12-08 12:42:58,851 ] 50 root - INFO - Exited the save_object method of MainUtils class
[ 2025-12-08 12:42:58,851 ] 46 root - INFO - Entered the save_object method of MainUtils class
[ 2025-12-08 12:42:58,854 ] 50 root - INFO - Exited the save_object method of MainUtils class
[ 2025-12-08 12:42:58,854 ] 161 root - INFO - Data transformation artifact: DataTransformationArtifact(transformed_object_file_path='Artifacts\\12_08_2025_12_42_04\\data_transformation\\transformed_object\\preprocessing.pkl', transformed_train_file_path='Artifacts\\12_08_2025_12_42_04\\data_transformation\\transformed\\train.npy', transformed_test_file_path='Artifacts\\12_08_2025_12_42_04\\data_transformation\\transformed\\test.npy')
[ 2025-12-08 12:42:58,855 ] 35 root - INFO - data Transformation completed
[ 2025-12-08 12:42:58,855 ] 37 root - INFO - Model Training stared
[ 2025-12-08 12:42:58,855 ] 166 root - INFO - Entered initiate_model_trainer
[ 2025-12-08 12:42:58,855 ] 171 root - INFO - Loading transformed data from Artifacts\12_08_2025_12_42_04\data_transformation\transformed\train.npy and Artifacts\12_08_2025_12_42_04\data_transformation\transformed\test.npy
[ 2025-12-08 12:42:58,908 ] 179 root - INFO - Loaded train data shapes: X=(3490, 60, 1), y=(3490,)
[ 2025-12-08 12:42:58,933 ] 184 root - INFO - Loaded scaler from Artifacts\12_08_2025_12_42_04\data_transformation\transformed_object\preprocessing.pkl
[ 2025-12-08 12:43:01,336 ] 1025 httpx - INFO - HTTP Request: GET https://dagshub.com/api/v1/user "HTTP/1.1 200 OK"
[ 2025-12-08 12:43:01,346 ] 107 dagshub - INFO - Accessing as sliitguy
[ 2025-12-08 12:43:02,869 ] 1025 httpx - INFO - HTTP Request: GET https://dagshub.com/api/v1/repos/sliitguy/Model-X "HTTP/1.1 200 OK"
[ 2025-12-08 12:43:03,964 ] 1025 httpx - INFO - HTTP Request: GET https://dagshub.com/api/v1/user "HTTP/1.1 200 OK"
[ 2025-12-08 12:43:03,967 ] 107 dagshub - INFO - Initialized MLflow to track repo "sliitguy/Model-X"
[ 2025-12-08 12:43:03,968 ] 107 dagshub - INFO - Repository sliitguy/Model-X initialized!
[ 2025-12-08 12:43:08,397 ] 105 root - INFO - Fitting Bidirectional LSTM model with callbacks
[ 2025-12-08 13:00:30,272 ] 124 root - INFO - DEBUG - y_test_actual sample (first 5): [45.51704025 45.34592438 45.08924866 44.91812897 44.49033737]
[ 2025-12-08 13:00:30,275 ] 125 root - INFO - DEBUG - test_predict sample (first 5): [45.31018  45.322117 45.285465 45.18032  45.04413 ]
[ 2025-12-08 13:00:30,275 ] 126 root - INFO - DEBUG - y_test_actual range: min=41.923587799072266, max=216.75
[ 2025-12-08 13:00:30,275 ] 127 root - INFO - DEBUG - test_predict range: min=42.28168487548828, max=210.49424743652344
[ 2025-12-08 13:00:30,280 ] 136 root - INFO - Test RMSE: 2.889932111405829, MAE: 1.9156657253299754, R2: 0.9962366524165621, MAPE: 0.01936169796087569
[ 2025-12-08 13:00:33,937 ] 83 absl - WARNING - You are saving your model as an HDF5 file via `model.save()` or `keras.saving.save_model(model)`. This file format is considered legacy. We recommend using instead the native Keras format, e.g. `model.save('my_model.keras')` or `keras.saving.save_model(model, 'my_model.keras')`. 
[ 2025-12-08 13:00:55,025 ] 188 root - INFO - Saving trained model
[ 2025-12-08 13:00:55,027 ] 46 root - INFO - Entered the save_object method of MainUtils class
[ 2025-12-08 13:00:55,184 ] 50 root - INFO - Exited the save_object method of MainUtils class
[ 2025-12-08 13:00:55,187 ] 219 root - INFO - Model Trainer Artifact: ModelTrainerArtifact(trained_model_file_path='Artifacts\\12_08_2025_12_42_04\\model_trainer\\trained_model\\model.pkl', train_metric_artifact=None, test_metric_artifact=RegressionMetricArtifact(rmse=np.float64(2.889932111405829), mae=1.9156657253299754, r2_score=0.9962366524165621, mape=0.01936169796087569))
[ 2025-12-08 13:00:55,188 ] 42 root - INFO - Model Training artifact created
