[ 2025-12-08 10:07:08,805 ] 17 root - INFO - Initiate the data ingestion
[ 2025-12-08 10:07:11,053 ] 58 root - INFO - Performed train test split on the dataframe
[ 2025-12-08 10:07:11,053 ] 60 root - INFO - Exited split_data_as_train_test method of Data_Ingestion class
[ 2025-12-08 10:07:11,057 ] 68 root - INFO - Exporting train and test file path.
[ 2025-12-08 10:07:11,089 ] 77 root - INFO - Exported train and test file path.
[ 2025-12-08 10:07:11,089 ] 19 root - INFO - Data Initiation Completed
[ 2025-12-08 10:07:11,091 ] 24 root - INFO - Initiate the data Validation
[ 2025-12-08 10:07:11,239 ] 32 root - INFO - Required number of columns:2
[ 2025-12-08 10:07:11,240 ] 33 root - INFO - Data frame has columns:5
[ 2025-12-08 10:07:11,240 ] 32 root - INFO - Required number of columns:2
[ 2025-12-08 10:07:11,240 ] 33 root - INFO - Data frame has columns:5
[ 2025-12-08 10:07:11,328 ] 26 root - INFO - data Validation Completed
[ 2025-12-08 10:07:11,329 ] 31 root - INFO - data Transformation started
[ 2025-12-08 10:07:11,330 ] 48 root - INFO - Entered initiate_data_transformation method of DataTransformation class
[ 2025-12-08 10:07:11,347 ] 56 root - INFO - Read train and test data completed. Train shape: (3511, 5), Test shape: (879, 5)
[ 2025-12-08 10:07:11,358 ] 74 root - INFO - Applying MinMaxScaler
[ 2025-12-08 10:07:11,363 ] 83 root - INFO - Creating sequences with time_step=100
[ 2025-12-08 10:07:11,369 ] 95 root - INFO - Train sequences shape: (3409, 100, 1), Train labels shape: (3409,)
[ 2025-12-08 10:07:11,370 ] 46 root - INFO - Entered the save_object method of MainUtils class
[ 2025-12-08 10:07:11,373 ] 50 root - INFO - Exited the save_object method of MainUtils class
[ 2025-12-08 10:07:11,373 ] 46 root - INFO - Entered the save_object method of MainUtils class
[ 2025-12-08 10:07:11,381 ] 50 root - INFO - Exited the save_object method of MainUtils class
[ 2025-12-08 10:07:11,383 ] 46 root - INFO - Entered the save_object method of MainUtils class
[ 2025-12-08 10:07:11,386 ] 50 root - INFO - Exited the save_object method of MainUtils class
[ 2025-12-08 10:07:11,387 ] 155 root - INFO - Data transformation artifact: DataTransformationArtifact(transformed_object_file_path='Artifacts\\12_08_2025_10_06_56\\data_transformation\\transformed_object\\preprocessing.pkl', transformed_train_file_path='Artifacts\\12_08_2025_10_06_56\\data_transformation\\transformed\\train.npy', transformed_test_file_path='Artifacts\\12_08_2025_10_06_56\\data_transformation\\transformed\\test.npy')
[ 2025-12-08 10:07:11,388 ] 35 root - INFO - data Transformation completed
[ 2025-12-08 10:07:11,389 ] 37 root - INFO - Model Training stared
[ 2025-12-08 10:07:11,389 ] 116 root - INFO - Entered initiate_model_trainer
[ 2025-12-08 10:07:11,389 ] 121 root - INFO - Loading transformed data from Artifacts\12_08_2025_10_06_56\data_transformation\transformed\train.npy and Artifacts\12_08_2025_10_06_56\data_transformation\transformed\test.npy
[ 2025-12-08 10:07:11,437 ] 129 root - INFO - Loaded train data shapes: X=(3409, 100, 1), y=(3409,)
[ 2025-12-08 10:07:13,274 ] 1025 httpx - INFO - HTTP Request: GET https://dagshub.com/api/v1/user "HTTP/1.1 200 OK"
[ 2025-12-08 10:07:13,282 ] 107 dagshub - INFO - Accessing as sliitguy
[ 2025-12-08 10:07:14,884 ] 1025 httpx - INFO - HTTP Request: GET https://dagshub.com/api/v1/repos/sliitguy/Model-X "HTTP/1.1 200 OK"
[ 2025-12-08 10:07:16,318 ] 1025 httpx - INFO - HTTP Request: GET https://dagshub.com/api/v1/user "HTTP/1.1 200 OK"
[ 2025-12-08 10:07:16,320 ] 107 dagshub - INFO - Initialized MLflow to track repo "sliitguy/Model-X"
[ 2025-12-08 10:07:16,321 ] 107 dagshub - INFO - Repository sliitguy/Model-X initialized!
[ 2025-12-08 10:07:19,596 ] 74 root - INFO - Fitting LSTM model
[ 2025-12-08 10:09:07,496 ] 91 root - INFO - Train RMSE: 0.15358951199071072
[ 2025-12-08 10:09:07,497 ] 92 root - INFO - Test RMSE: 0.14892503016519146
[ 2025-12-08 10:09:10,191 ] 83 absl - WARNING - You are saving your model as an HDF5 file via `model.save()` or `keras.saving.save_model(model)`. This file format is considered legacy. We recommend using instead the native Keras format, e.g. `model.save('my_model.keras')` or `keras.saving.save_model(model, 'my_model.keras')`. 
[ 2025-12-08 10:09:15,498 ] 133 root - INFO - Saving trained model
[ 2025-12-08 10:09:15,498 ] 46 root - INFO - Entered the save_object method of MainUtils class
[ 2025-12-08 10:09:15,553 ] 50 root - INFO - Exited the save_object method of MainUtils class
[ 2025-12-08 10:09:15,556 ] 165 root - INFO - Model Trainer Artifact: ModelTrainerArtifact(trained_model_file_path='Artifacts\\12_08_2025_10_06_56\\model_trainer\\trained_model\\model.pkl', train_metric_artifact=RegressionMetricArtifact(rmse=np.float64(0.15358951199071072), mae=0.11182122431042968, r2_score=-0.0006030113962334216), test_metric_artifact=RegressionMetricArtifact(rmse=np.float64(0.14892503016519146), mae=0.10644378169120736, r2_score=-0.00022016308859384992))
[ 2025-12-08 10:09:15,558 ] 42 root - INFO - Model Training artifact created
